2020-02-03 09:20:28,255 [Worker-3: Loading available Gradle versions] INFO  o.e.b.c.i.u.g.PublishedGradleVersions - Gradle version information cache is out-of-date. Trying to update.
2020-02-03 09:20:30,029 [Worker-3: Loading available Gradle versions] INFO  o.e.b.c.i.u.g.PublishedGradleVersions - Updating Gradle version information cache failed. Using outdated cache.
2020-02-03 09:58:08,893 [Worker-2: Loading available Gradle versions] INFO  o.e.b.c.i.u.g.PublishedGradleVersions - Gradle version information cache is out-of-date. Trying to update.
2020-02-03 09:58:09,214 [Worker-2: Loading available Gradle versions] INFO  o.e.b.c.i.u.g.PublishedGradleVersions - Updating Gradle version information cache failed. Using outdated cache.
2020-02-03 10:15:20,530 [Worker-11: Loading available Gradle versions] INFO  o.e.b.c.i.u.g.PublishedGradleVersions - Gradle version information cache is out-of-date. Trying to update.
2020-02-03 10:15:20,885 [Worker-11: Loading available Gradle versions] INFO  o.e.b.c.i.u.g.PublishedGradleVersions - Updating Gradle version information cache failed. Using outdated cache.
2020-02-03 13:42:17,587 [Worker-1: Loading available Gradle versions] INFO  o.e.b.c.i.u.g.PublishedGradleVersions - Gradle version information cache is out-of-date. Trying to update.
2020-02-03 14:34:51,553 [Worker-3: Loading available Gradle versions] INFO  o.e.b.c.i.u.g.PublishedGradleVersions - Gradle version information cache is up-to-date. Trying to read.
2020-02-04 09:03:25,184 [Worker-3: Loading available Gradle versions] INFO  o.e.b.c.i.u.g.PublishedGradleVersions - Gradle version information cache is up-to-date. Trying to read.
2020-02-04 09:07:48,783 [main] ERROR o.e.j.i.storage.file.LockFile - Creating lock file /home/escuelita/Escritorio/java/.git/index.lock failed
java.nio.file.AccessDeniedException: /home/escuelita/Escritorio/java/.git/index.lock
	at java.base/sun.nio.fs.UnixException.translateToIOException(UnixException.java:90) ~[na:na]
	at java.base/sun.nio.fs.UnixException.rethrowAsIOException(UnixException.java:111) ~[na:na]
	at java.base/sun.nio.fs.UnixException.rethrowAsIOException(UnixException.java:116) ~[na:na]
	at java.base/sun.nio.fs.UnixFileSystemProvider.newByteChannel(UnixFileSystemProvider.java:215) ~[na:na]
	at java.base/java.nio.file.Files.newByteChannel(Files.java:370) ~[na:na]
	at java.base/java.nio.file.Files.createFile(Files.java:647) ~[na:na]
	at org.eclipse.jgit.util.FS_POSIX.createNewFileAtomic(FS_POSIX.java:446) ~[na:na]
	at org.eclipse.jgit.internal.storage.file.LockFile.lock(LockFile.java:165) ~[na:na]
	at org.eclipse.jgit.dircache.DirCache.lock(DirCache.java:603) ~[na:na]
	at org.eclipse.jgit.dircache.DirCache.lock(DirCache.java:250) ~[na:na]
	at org.eclipse.jgit.dircache.DirCache.lock(DirCache.java:322) ~[na:na]
	at org.eclipse.jgit.dircache.DirCache.lock(DirCache.java:288) ~[na:na]
	at org.eclipse.jgit.lib.Repository.lockDirCache(Repository.java:1292) ~[na:na]
	at org.eclipse.egit.core.GitMoveDeleteHook.moveFile(GitMoveDeleteHook.java:186) ~[na:na]
	at org.eclipse.team.internal.core.MoveDeleteManager.moveFile(MoveDeleteManager.java:82) ~[na:na]
	at org.eclipse.core.internal.resources.Resource.unprotectedMove(Resource.java:1801) ~[na:na]
	at org.eclipse.core.internal.resources.Resource.move(Resource.java:1494) ~[na:na]
	at org.eclipse.jdt.internal.core.CopyResourceElementsOperation.processCompilationUnitResource(CopyResourceElementsOperation.java:346) ~[na:na]
	at org.eclipse.jdt.internal.core.CopyResourceElementsOperation.processElement(CopyResourceElementsOperation.java:417) ~[na:na]
	at org.eclipse.jdt.internal.core.MultiOperation.processElements(MultiOperation.java:168) ~[na:na]
	at org.eclipse.jdt.internal.core.CopyResourceElementsOperation.processElements(CopyResourceElementsOperation.java:436) ~[na:na]
	at org.eclipse.jdt.internal.core.MultiOperation.executeOperation(MultiOperation.java:95) ~[na:na]
	at org.eclipse.jdt.internal.core.JavaModelOperation.run(JavaModelOperation.java:736) ~[na:na]
	at org.eclipse.core.internal.resources.Workspace.run(Workspace.java:2295) ~[na:na]
	at org.eclipse.core.internal.resources.Workspace.run(Workspace.java:2322) ~[na:na]
	at org.eclipse.jdt.internal.core.JavaModelOperation.runOperation(JavaModelOperation.java:807) ~[na:na]
	at org.eclipse.jdt.internal.core.JavaModel.runOperation(JavaModel.java:301) ~[na:na]
	at org.eclipse.jdt.internal.core.JavaModel.move(JavaModel.java:260) ~[na:na]
	at org.eclipse.jdt.internal.core.CompilationUnit.move(CompilationUnit.java:1165) ~[na:na]
	at org.eclipse.jdt.internal.corext.refactoring.changes.MoveCompilationUnitChange.doPerformReorg(MoveCompilationUnitChange.java:90) ~[na:na]
	at org.eclipse.jdt.internal.corext.refactoring.changes.CompilationUnitReorgChange.perform(CompilationUnitReorgChange.java:68) ~[na:na]
	at org.eclipse.ltk.core.refactoring.CompositeChange.perform(CompositeChange.java:283) ~[na:na]
	at org.eclipse.jdt.ui.text.java.correction.ChangeCorrectionProposal.performChange(ChangeCorrectionProposal.java:185) ~[na:na]
	at org.eclipse.jdt.ui.text.java.correction.ChangeCorrectionProposal.apply(ChangeCorrectionProposal.java:112) ~[na:na]
	at org.eclipse.jface.text.contentassist.CompletionProposalPopup.insertProposal(CompletionProposalPopup.java:1015) ~[na:na]
	at org.eclipse.jface.text.contentassist.CompletionProposalPopup.insertSelectedProposalWithMask(CompletionProposalPopup.java:959) ~[na:na]
	at org.eclipse.jface.text.contentassist.CompletionProposalPopup.access$9(CompletionProposalPopup.java:955) ~[na:na]
	at org.eclipse.jface.text.contentassist.CompletionProposalPopup$4.widgetDefaultSelected(CompletionProposalPopup.java:700) ~[na:na]
	at org.eclipse.swt.widgets.TypedListener.handleEvent(TypedListener.java:123) ~[org.eclipse.swt.gtk.linux.x86_64_3.112.0.v20190904-0609.jar:na]
	at org.eclipse.swt.widgets.EventTable.sendEvent(EventTable.java:89) ~[org.eclipse.swt.gtk.linux.x86_64_3.112.0.v20190904-0609.jar:na]
	at org.eclipse.swt.widgets.Display.sendEvent(Display.java:5618) ~[org.eclipse.swt.gtk.linux.x86_64_3.112.0.v20190904-0609.jar:na]
	at org.eclipse.swt.widgets.Widget.sendEvent(Widget.java:1405) ~[org.eclipse.swt.gtk.linux.x86_64_3.112.0.v20190904-0609.jar:na]
	at org.eclipse.swt.widgets.Display.runDeferredEvents(Display.java:4882) ~[org.eclipse.swt.gtk.linux.x86_64_3.112.0.v20190904-0609.jar:na]
	at org.eclipse.swt.widgets.Display.readAndDispatch(Display.java:4406) ~[org.eclipse.swt.gtk.linux.x86_64_3.112.0.v20190904-0609.jar:na]
	at org.eclipse.e4.ui.internal.workbench.swt.PartRenderingEngine$5.run(PartRenderingEngine.java:1160) ~[na:na]
	at org.eclipse.core.databinding.observable.Realm.runWithDefault(Realm.java:338) ~[na:na]
	at org.eclipse.e4.ui.internal.workbench.swt.PartRenderingEngine.run(PartRenderingEngine.java:1049) ~[na:na]
	at org.eclipse.e4.ui.internal.workbench.E4Workbench.createAndRunUI(E4Workbench.java:155) ~[na:na]
	at org.eclipse.ui.internal.Workbench.lambda$3(Workbench.java:633) ~[na:na]
	at org.eclipse.core.databinding.observable.Realm.runWithDefault(Realm.java:338) ~[na:na]
	at org.eclipse.ui.internal.Workbench.createAndRunWorkbench(Workbench.java:557) ~[na:na]
	at org.eclipse.ui.PlatformUI.createAndRunWorkbench(PlatformUI.java:150) ~[na:na]
	at org.eclipse.ui.internal.ide.application.IDEApplication.start(IDEApplication.java:150) ~[na:na]
	at org.eclipse.equinox.internal.app.EclipseAppHandle.run(EclipseAppHandle.java:203) ~[org.eclipse.equinox.app_1.4.300.v20190815-1535.jar:na]
	at org.eclipse.core.runtime.internal.adaptor.EclipseAppLauncher.runApplication(EclipseAppLauncher.java:137) ~[org.eclipse.osgi_3.15.0.v20190830-1434.jar:na]
	at org.eclipse.core.runtime.internal.adaptor.EclipseAppLauncher.start(EclipseAppLauncher.java:107) ~[org.eclipse.osgi_3.15.0.v20190830-1434.jar:na]
	at org.eclipse.core.runtime.adaptor.EclipseStarter.run(EclipseStarter.java:400) ~[org.eclipse.osgi_3.15.0.v20190830-1434.jar:na]
	at org.eclipse.core.runtime.adaptor.EclipseStarter.run(EclipseStarter.java:255) ~[org.eclipse.osgi_3.15.0.v20190830-1434.jar:na]
	at java.base/jdk.internal.reflect.NativeMethodAccessorImpl.invoke0(Native Method) ~[na:na]
	at java.base/jdk.internal.reflect.NativeMethodAccessorImpl.invoke(NativeMethodAccessorImpl.java:62) ~[na:na]
	at java.base/jdk.internal.reflect.DelegatingMethodAccessorImpl.invoke(DelegatingMethodAccessorImpl.java:43) ~[na:na]
	at java.base/java.lang.reflect.Method.invoke(Method.java:566) ~[na:na]
	at org.eclipse.equinox.launcher.Main.invokeFramework(Main.java:660) ~[org.eclipse.equinox.launcher_1.5.500.v20190715-1310.jar:na]
	at org.eclipse.equinox.launcher.Main.basicRun(Main.java:597) ~[org.eclipse.equinox.launcher_1.5.500.v20190715-1310.jar:na]
	at org.eclipse.equinox.launcher.Main.run(Main.java:1468) ~[org.eclipse.equinox.launcher_1.5.500.v20190715-1310.jar:na]
	at org.eclipse.equinox.launcher.Main.main(Main.java:1441) ~[org.eclipse.equinox.launcher_1.5.500.v20190715-1310.jar:na]
2020-02-04 09:08:03,103 [main] ERROR o.e.j.i.storage.file.LockFile - Creating lock file /home/escuelita/Escritorio/java/.git/index.lock failed
java.nio.file.AccessDeniedException: /home/escuelita/Escritorio/java/.git/index.lock
	at java.base/sun.nio.fs.UnixException.translateToIOException(UnixException.java:90) ~[na:na]
	at java.base/sun.nio.fs.UnixException.rethrowAsIOException(UnixException.java:111) ~[na:na]
	at java.base/sun.nio.fs.UnixException.rethrowAsIOException(UnixException.java:116) ~[na:na]
	at java.base/sun.nio.fs.UnixFileSystemProvider.newByteChannel(UnixFileSystemProvider.java:215) ~[na:na]
	at java.base/java.nio.file.Files.newByteChannel(Files.java:370) ~[na:na]
	at java.base/java.nio.file.Files.createFile(Files.java:647) ~[na:na]
	at org.eclipse.jgit.util.FS_POSIX.createNewFileAtomic(FS_POSIX.java:446) ~[na:na]
	at org.eclipse.jgit.internal.storage.file.LockFile.lock(LockFile.java:165) ~[na:na]
	at org.eclipse.jgit.dircache.DirCache.lock(DirCache.java:603) ~[na:na]
	at org.eclipse.jgit.dircache.DirCache.lock(DirCache.java:250) ~[na:na]
	at org.eclipse.jgit.dircache.DirCache.lock(DirCache.java:322) ~[na:na]
	at org.eclipse.jgit.dircache.DirCache.lock(DirCache.java:288) ~[na:na]
	at org.eclipse.jgit.lib.Repository.lockDirCache(Repository.java:1292) ~[na:na]
	at org.eclipse.egit.core.GitMoveDeleteHook.moveFile(GitMoveDeleteHook.java:186) ~[na:na]
	at org.eclipse.team.internal.core.MoveDeleteManager.moveFile(MoveDeleteManager.java:82) ~[na:na]
	at org.eclipse.core.internal.resources.Resource.unprotectedMove(Resource.java:1801) ~[na:na]
	at org.eclipse.core.internal.resources.Resource.move(Resource.java:1494) ~[na:na]
	at org.eclipse.jdt.internal.core.CopyResourceElementsOperation.processCompilationUnitResource(CopyResourceElementsOperation.java:346) ~[na:na]
	at org.eclipse.jdt.internal.core.CopyResourceElementsOperation.processElement(CopyResourceElementsOperation.java:417) ~[na:na]
	at org.eclipse.jdt.internal.core.MultiOperation.processElements(MultiOperation.java:168) ~[na:na]
	at org.eclipse.jdt.internal.core.CopyResourceElementsOperation.processElements(CopyResourceElementsOperation.java:436) ~[na:na]
	at org.eclipse.jdt.internal.core.MultiOperation.executeOperation(MultiOperation.java:95) ~[na:na]
	at org.eclipse.jdt.internal.core.JavaModelOperation.run(JavaModelOperation.java:736) ~[na:na]
	at org.eclipse.core.internal.resources.Workspace.run(Workspace.java:2295) ~[na:na]
	at org.eclipse.core.internal.resources.Workspace.run(Workspace.java:2322) ~[na:na]
	at org.eclipse.jdt.internal.core.JavaModelOperation.runOperation(JavaModelOperation.java:807) ~[na:na]
	at org.eclipse.jdt.internal.core.JavaModel.runOperation(JavaModel.java:301) ~[na:na]
	at org.eclipse.jdt.internal.core.JavaModel.move(JavaModel.java:260) ~[na:na]
	at org.eclipse.jdt.internal.core.CompilationUnit.move(CompilationUnit.java:1165) ~[na:na]
	at org.eclipse.jdt.internal.corext.refactoring.changes.MoveCompilationUnitChange.doPerformReorg(MoveCompilationUnitChange.java:90) ~[na:na]
	at org.eclipse.jdt.internal.corext.refactoring.changes.CompilationUnitReorgChange.perform(CompilationUnitReorgChange.java:68) ~[na:na]
	at org.eclipse.ltk.core.refactoring.CompositeChange.perform(CompositeChange.java:283) ~[na:na]
	at org.eclipse.jdt.ui.text.java.correction.ChangeCorrectionProposal.performChange(ChangeCorrectionProposal.java:185) ~[na:na]
	at org.eclipse.jdt.ui.text.java.correction.ChangeCorrectionProposal.apply(ChangeCorrectionProposal.java:112) ~[na:na]
	at org.eclipse.jface.text.contentassist.CompletionProposalPopup.insertProposal(CompletionProposalPopup.java:1015) ~[na:na]
	at org.eclipse.jface.text.contentassist.CompletionProposalPopup.insertSelectedProposalWithMask(CompletionProposalPopup.java:959) ~[na:na]
	at org.eclipse.jface.text.contentassist.CompletionProposalPopup.access$9(CompletionProposalPopup.java:955) ~[na:na]
	at org.eclipse.jface.text.contentassist.CompletionProposalPopup$4.widgetDefaultSelected(CompletionProposalPopup.java:700) ~[na:na]
	at org.eclipse.swt.widgets.TypedListener.handleEvent(TypedListener.java:123) ~[org.eclipse.swt.gtk.linux.x86_64_3.112.0.v20190904-0609.jar:na]
	at org.eclipse.swt.widgets.EventTable.sendEvent(EventTable.java:89) ~[org.eclipse.swt.gtk.linux.x86_64_3.112.0.v20190904-0609.jar:na]
	at org.eclipse.swt.widgets.Display.sendEvent(Display.java:5618) ~[org.eclipse.swt.gtk.linux.x86_64_3.112.0.v20190904-0609.jar:na]
	at org.eclipse.swt.widgets.Widget.sendEvent(Widget.java:1405) ~[org.eclipse.swt.gtk.linux.x86_64_3.112.0.v20190904-0609.jar:na]
	at org.eclipse.swt.widgets.Display.runDeferredEvents(Display.java:4882) ~[org.eclipse.swt.gtk.linux.x86_64_3.112.0.v20190904-0609.jar:na]
	at org.eclipse.swt.widgets.Display.readAndDispatch(Display.java:4406) ~[org.eclipse.swt.gtk.linux.x86_64_3.112.0.v20190904-0609.jar:na]
	at org.eclipse.e4.ui.internal.workbench.swt.PartRenderingEngine$5.run(PartRenderingEngine.java:1160) ~[na:na]
	at org.eclipse.core.databinding.observable.Realm.runWithDefault(Realm.java:338) ~[na:na]
	at org.eclipse.e4.ui.internal.workbench.swt.PartRenderingEngine.run(PartRenderingEngine.java:1049) ~[na:na]
	at org.eclipse.e4.ui.internal.workbench.E4Workbench.createAndRunUI(E4Workbench.java:155) ~[na:na]
	at org.eclipse.ui.internal.Workbench.lambda$3(Workbench.java:633) ~[na:na]
	at org.eclipse.core.databinding.observable.Realm.runWithDefault(Realm.java:338) ~[na:na]
	at org.eclipse.ui.internal.Workbench.createAndRunWorkbench(Workbench.java:557) ~[na:na]
	at org.eclipse.ui.PlatformUI.createAndRunWorkbench(PlatformUI.java:150) ~[na:na]
	at org.eclipse.ui.internal.ide.application.IDEApplication.start(IDEApplication.java:150) ~[na:na]
	at org.eclipse.equinox.internal.app.EclipseAppHandle.run(EclipseAppHandle.java:203) ~[org.eclipse.equinox.app_1.4.300.v20190815-1535.jar:na]
	at org.eclipse.core.runtime.internal.adaptor.EclipseAppLauncher.runApplication(EclipseAppLauncher.java:137) ~[org.eclipse.osgi_3.15.0.v20190830-1434.jar:na]
	at org.eclipse.core.runtime.internal.adaptor.EclipseAppLauncher.start(EclipseAppLauncher.java:107) ~[org.eclipse.osgi_3.15.0.v20190830-1434.jar:na]
	at org.eclipse.core.runtime.adaptor.EclipseStarter.run(EclipseStarter.java:400) ~[org.eclipse.osgi_3.15.0.v20190830-1434.jar:na]
	at org.eclipse.core.runtime.adaptor.EclipseStarter.run(EclipseStarter.java:255) ~[org.eclipse.osgi_3.15.0.v20190830-1434.jar:na]
	at java.base/jdk.internal.reflect.NativeMethodAccessorImpl.invoke0(Native Method) ~[na:na]
	at java.base/jdk.internal.reflect.NativeMethodAccessorImpl.invoke(NativeMethodAccessorImpl.java:62) ~[na:na]
	at java.base/jdk.internal.reflect.DelegatingMethodAccessorImpl.invoke(DelegatingMethodAccessorImpl.java:43) ~[na:na]
	at java.base/java.lang.reflect.Method.invoke(Method.java:566) ~[na:na]
	at org.eclipse.equinox.launcher.Main.invokeFramework(Main.java:660) ~[org.eclipse.equinox.launcher_1.5.500.v20190715-1310.jar:na]
	at org.eclipse.equinox.launcher.Main.basicRun(Main.java:597) ~[org.eclipse.equinox.launcher_1.5.500.v20190715-1310.jar:na]
	at org.eclipse.equinox.launcher.Main.run(Main.java:1468) ~[org.eclipse.equinox.launcher_1.5.500.v20190715-1310.jar:na]
	at org.eclipse.equinox.launcher.Main.main(Main.java:1441) ~[org.eclipse.equinox.launcher_1.5.500.v20190715-1310.jar:na]
2020-02-04 09:09:03,612 [main] ERROR o.e.j.i.storage.file.LockFile - Creating lock file /home/escuelita/Escritorio/java/.git/index.lock failed
java.nio.file.AccessDeniedException: /home/escuelita/Escritorio/java/.git/index.lock
	at java.base/sun.nio.fs.UnixException.translateToIOException(UnixException.java:90) ~[na:na]
	at java.base/sun.nio.fs.UnixException.rethrowAsIOException(UnixException.java:111) ~[na:na]
	at java.base/sun.nio.fs.UnixException.rethrowAsIOException(UnixException.java:116) ~[na:na]
	at java.base/sun.nio.fs.UnixFileSystemProvider.newByteChannel(UnixFileSystemProvider.java:215) ~[na:na]
	at java.base/java.nio.file.Files.newByteChannel(Files.java:370) ~[na:na]
	at java.base/java.nio.file.Files.createFile(Files.java:647) ~[na:na]
	at org.eclipse.jgit.util.FS_POSIX.createNewFileAtomic(FS_POSIX.java:446) ~[na:na]
	at org.eclipse.jgit.internal.storage.file.LockFile.lock(LockFile.java:165) ~[na:na]
	at org.eclipse.jgit.dircache.DirCache.lock(DirCache.java:603) ~[na:na]
	at org.eclipse.jgit.dircache.DirCache.lock(DirCache.java:250) ~[na:na]
	at org.eclipse.jgit.dircache.DirCache.lock(DirCache.java:322) ~[na:na]
	at org.eclipse.jgit.dircache.DirCache.lock(DirCache.java:288) ~[na:na]
	at org.eclipse.jgit.lib.Repository.lockDirCache(Repository.java:1292) ~[na:na]
	at org.eclipse.egit.core.GitMoveDeleteHook.moveFile(GitMoveDeleteHook.java:186) ~[na:na]
	at org.eclipse.team.internal.core.MoveDeleteManager.moveFile(MoveDeleteManager.java:82) ~[na:na]
	at org.eclipse.core.internal.resources.Resource.unprotectedMove(Resource.java:1801) ~[na:na]
	at org.eclipse.core.internal.resources.Resource.move(Resource.java:1494) ~[na:na]
	at org.eclipse.jdt.internal.core.CopyResourceElementsOperation.processCompilationUnitResource(CopyResourceElementsOperation.java:346) ~[na:na]
	at org.eclipse.jdt.internal.core.CopyResourceElementsOperation.processElement(CopyResourceElementsOperation.java:417) ~[na:na]
	at org.eclipse.jdt.internal.core.MultiOperation.processElements(MultiOperation.java:168) ~[na:na]
	at org.eclipse.jdt.internal.core.CopyResourceElementsOperation.processElements(CopyResourceElementsOperation.java:436) ~[na:na]
	at org.eclipse.jdt.internal.core.MultiOperation.executeOperation(MultiOperation.java:95) ~[na:na]
	at org.eclipse.jdt.internal.core.JavaModelOperation.run(JavaModelOperation.java:736) ~[na:na]
	at org.eclipse.core.internal.resources.Workspace.run(Workspace.java:2295) ~[na:na]
	at org.eclipse.core.internal.resources.Workspace.run(Workspace.java:2322) ~[na:na]
	at org.eclipse.jdt.internal.core.JavaModelOperation.runOperation(JavaModelOperation.java:807) ~[na:na]
	at org.eclipse.jdt.internal.core.JavaModel.runOperation(JavaModel.java:301) ~[na:na]
	at org.eclipse.jdt.internal.core.JavaModel.move(JavaModel.java:260) ~[na:na]
	at org.eclipse.jdt.internal.core.CompilationUnit.move(CompilationUnit.java:1165) ~[na:na]
	at org.eclipse.jdt.internal.corext.refactoring.changes.MoveCompilationUnitChange.doPerformReorg(MoveCompilationUnitChange.java:90) ~[na:na]
	at org.eclipse.jdt.internal.corext.refactoring.changes.CompilationUnitReorgChange.perform(CompilationUnitReorgChange.java:68) ~[na:na]
	at org.eclipse.ltk.core.refactoring.CompositeChange.perform(CompositeChange.java:283) ~[na:na]
	at org.eclipse.jdt.ui.text.java.correction.ChangeCorrectionProposal.performChange(ChangeCorrectionProposal.java:185) ~[na:na]
	at org.eclipse.jdt.ui.text.java.correction.ChangeCorrectionProposal.apply(ChangeCorrectionProposal.java:112) ~[na:na]
	at org.eclipse.jface.text.contentassist.CompletionProposalPopup.insertProposal(CompletionProposalPopup.java:1015) ~[na:na]
	at org.eclipse.jface.text.contentassist.CompletionProposalPopup.insertSelectedProposalWithMask(CompletionProposalPopup.java:959) ~[na:na]
	at org.eclipse.jface.text.contentassist.CompletionProposalPopup.access$9(CompletionProposalPopup.java:955) ~[na:na]
	at org.eclipse.jface.text.contentassist.CompletionProposalPopup$4.widgetDefaultSelected(CompletionProposalPopup.java:700) ~[na:na]
	at org.eclipse.swt.widgets.TypedListener.handleEvent(TypedListener.java:123) ~[org.eclipse.swt.gtk.linux.x86_64_3.112.0.v20190904-0609.jar:na]
	at org.eclipse.swt.widgets.EventTable.sendEvent(EventTable.java:89) ~[org.eclipse.swt.gtk.linux.x86_64_3.112.0.v20190904-0609.jar:na]
	at org.eclipse.swt.widgets.Display.sendEvent(Display.java:5618) ~[org.eclipse.swt.gtk.linux.x86_64_3.112.0.v20190904-0609.jar:na]
	at org.eclipse.swt.widgets.Widget.sendEvent(Widget.java:1405) ~[org.eclipse.swt.gtk.linux.x86_64_3.112.0.v20190904-0609.jar:na]
	at org.eclipse.swt.widgets.Display.runDeferredEvents(Display.java:4882) ~[org.eclipse.swt.gtk.linux.x86_64_3.112.0.v20190904-0609.jar:na]
	at org.eclipse.swt.widgets.Display.readAndDispatch(Display.java:4406) ~[org.eclipse.swt.gtk.linux.x86_64_3.112.0.v20190904-0609.jar:na]
	at org.eclipse.e4.ui.internal.workbench.swt.PartRenderingEngine$5.run(PartRenderingEngine.java:1160) ~[na:na]
	at org.eclipse.core.databinding.observable.Realm.runWithDefault(Realm.java:338) ~[na:na]
	at org.eclipse.e4.ui.internal.workbench.swt.PartRenderingEngine.run(PartRenderingEngine.java:1049) ~[na:na]
	at org.eclipse.e4.ui.internal.workbench.E4Workbench.createAndRunUI(E4Workbench.java:155) ~[na:na]
	at org.eclipse.ui.internal.Workbench.lambda$3(Workbench.java:633) ~[na:na]
	at org.eclipse.core.databinding.observable.Realm.runWithDefault(Realm.java:338) ~[na:na]
	at org.eclipse.ui.internal.Workbench.createAndRunWorkbench(Workbench.java:557) ~[na:na]
	at org.eclipse.ui.PlatformUI.createAndRunWorkbench(PlatformUI.java:150) ~[na:na]
	at org.eclipse.ui.internal.ide.application.IDEApplication.start(IDEApplication.java:150) ~[na:na]
	at org.eclipse.equinox.internal.app.EclipseAppHandle.run(EclipseAppHandle.java:203) ~[org.eclipse.equinox.app_1.4.300.v20190815-1535.jar:na]
	at org.eclipse.core.runtime.internal.adaptor.EclipseAppLauncher.runApplication(EclipseAppLauncher.java:137) ~[org.eclipse.osgi_3.15.0.v20190830-1434.jar:na]
	at org.eclipse.core.runtime.internal.adaptor.EclipseAppLauncher.start(EclipseAppLauncher.java:107) ~[org.eclipse.osgi_3.15.0.v20190830-1434.jar:na]
	at org.eclipse.core.runtime.adaptor.EclipseStarter.run(EclipseStarter.java:400) ~[org.eclipse.osgi_3.15.0.v20190830-1434.jar:na]
	at org.eclipse.core.runtime.adaptor.EclipseStarter.run(EclipseStarter.java:255) ~[org.eclipse.osgi_3.15.0.v20190830-1434.jar:na]
	at java.base/jdk.internal.reflect.NativeMethodAccessorImpl.invoke0(Native Method) ~[na:na]
	at java.base/jdk.internal.reflect.NativeMethodAccessorImpl.invoke(NativeMethodAccessorImpl.java:62) ~[na:na]
	at java.base/jdk.internal.reflect.DelegatingMethodAccessorImpl.invoke(DelegatingMethodAccessorImpl.java:43) ~[na:na]
	at java.base/java.lang.reflect.Method.invoke(Method.java:566) ~[na:na]
	at org.eclipse.equinox.launcher.Main.invokeFramework(Main.java:660) ~[org.eclipse.equinox.launcher_1.5.500.v20190715-1310.jar:na]
	at org.eclipse.equinox.launcher.Main.basicRun(Main.java:597) ~[org.eclipse.equinox.launcher_1.5.500.v20190715-1310.jar:na]
	at org.eclipse.equinox.launcher.Main.run(Main.java:1468) ~[org.eclipse.equinox.launcher_1.5.500.v20190715-1310.jar:na]
	at org.eclipse.equinox.launcher.Main.main(Main.java:1441) ~[org.eclipse.equinox.launcher_1.5.500.v20190715-1310.jar:na]
2020-02-04 09:10:13,965 [Worker-1: Loading available Gradle versions] INFO  o.e.b.c.i.u.g.PublishedGradleVersions - Gradle version information cache is up-to-date. Trying to read.
2020-02-04 10:08:43,739 [Worker-1: Loading available Gradle versions] INFO  o.e.b.c.i.u.g.PublishedGradleVersions - Gradle version information cache is up-to-date. Trying to read.
2020-02-04 10:34:05,428 [main] ERROR o.e.j.i.storage.file.LockFile - Creating lock file /home/escuelita/Escritorio/java/.git/index.lock failed
java.nio.file.AccessDeniedException: /home/escuelita/Escritorio/java/.git/index.lock
	at java.base/sun.nio.fs.UnixException.translateToIOException(UnixException.java:90) ~[na:na]
	at java.base/sun.nio.fs.UnixException.rethrowAsIOException(UnixException.java:111) ~[na:na]
	at java.base/sun.nio.fs.UnixException.rethrowAsIOException(UnixException.java:116) ~[na:na]
	at java.base/sun.nio.fs.UnixFileSystemProvider.newByteChannel(UnixFileSystemProvider.java:215) ~[na:na]
	at java.base/java.nio.file.Files.newByteChannel(Files.java:370) ~[na:na]
	at java.base/java.nio.file.Files.createFile(Files.java:647) ~[na:na]
	at org.eclipse.jgit.util.FS_POSIX.createNewFileAtomic(FS_POSIX.java:446) ~[na:na]
	at org.eclipse.jgit.internal.storage.file.LockFile.lock(LockFile.java:165) ~[na:na]
	at org.eclipse.jgit.dircache.DirCache.lock(DirCache.java:603) ~[na:na]
	at org.eclipse.jgit.dircache.DirCache.lock(DirCache.java:250) ~[na:na]
	at org.eclipse.jgit.dircache.DirCache.lock(DirCache.java:322) ~[na:na]
	at org.eclipse.jgit.dircache.DirCache.lock(DirCache.java:288) ~[na:na]
	at org.eclipse.jgit.lib.Repository.lockDirCache(Repository.java:1292) ~[na:na]
	at org.eclipse.egit.core.GitMoveDeleteHook.moveFile(GitMoveDeleteHook.java:186) ~[na:na]
	at org.eclipse.team.internal.core.MoveDeleteManager.moveFile(MoveDeleteManager.java:82) ~[na:na]
	at org.eclipse.core.internal.resources.Resource.unprotectedMove(Resource.java:1801) ~[na:na]
	at org.eclipse.core.internal.resources.Resource.move(Resource.java:1494) ~[na:na]
	at org.eclipse.jdt.internal.core.CopyResourceElementsOperation.processCompilationUnitResource(CopyResourceElementsOperation.java:346) ~[na:na]
	at org.eclipse.jdt.internal.core.CopyResourceElementsOperation.processElement(CopyResourceElementsOperation.java:417) ~[na:na]
	at org.eclipse.jdt.internal.core.MultiOperation.processElements(MultiOperation.java:168) ~[na:na]
	at org.eclipse.jdt.internal.core.CopyResourceElementsOperation.processElements(CopyResourceElementsOperation.java:436) ~[na:na]
	at org.eclipse.jdt.internal.core.MultiOperation.executeOperation(MultiOperation.java:95) ~[na:na]
	at org.eclipse.jdt.internal.core.JavaModelOperation.run(JavaModelOperation.java:736) ~[na:na]
	at org.eclipse.core.internal.resources.Workspace.run(Workspace.java:2295) ~[na:na]
	at org.eclipse.core.internal.resources.Workspace.run(Workspace.java:2322) ~[na:na]
	at org.eclipse.jdt.internal.core.JavaModelOperation.runOperation(JavaModelOperation.java:807) ~[na:na]
	at org.eclipse.jdt.internal.core.JavaModel.runOperation(JavaModel.java:301) ~[na:na]
	at org.eclipse.jdt.internal.core.JavaModel.move(JavaModel.java:260) ~[na:na]
	at org.eclipse.jdt.internal.core.CompilationUnit.move(CompilationUnit.java:1165) ~[na:na]
	at org.eclipse.jdt.internal.corext.refactoring.changes.MoveCompilationUnitChange.doPerformReorg(MoveCompilationUnitChange.java:90) ~[na:na]
	at org.eclipse.jdt.internal.corext.refactoring.changes.CompilationUnitReorgChange.perform(CompilationUnitReorgChange.java:68) ~[na:na]
	at org.eclipse.ltk.core.refactoring.CompositeChange.perform(CompositeChange.java:283) ~[na:na]
	at org.eclipse.jdt.ui.text.java.correction.ChangeCorrectionProposal.performChange(ChangeCorrectionProposal.java:185) ~[na:na]
	at org.eclipse.jdt.ui.text.java.correction.ChangeCorrectionProposal.apply(ChangeCorrectionProposal.java:112) ~[na:na]
	at org.eclipse.jface.text.contentassist.CompletionProposalPopup.insertProposal(CompletionProposalPopup.java:1015) ~[na:na]
	at org.eclipse.jface.text.contentassist.CompletionProposalPopup.insertSelectedProposalWithMask(CompletionProposalPopup.java:959) ~[na:na]
	at org.eclipse.jface.text.contentassist.CompletionProposalPopup.access$9(CompletionProposalPopup.java:955) ~[na:na]
	at org.eclipse.jface.text.contentassist.CompletionProposalPopup$4.widgetDefaultSelected(CompletionProposalPopup.java:700) ~[na:na]
	at org.eclipse.swt.widgets.TypedListener.handleEvent(TypedListener.java:123) ~[org.eclipse.swt.gtk.linux.x86_64_3.112.0.v20190904-0609.jar:na]
	at org.eclipse.swt.widgets.EventTable.sendEvent(EventTable.java:89) ~[org.eclipse.swt.gtk.linux.x86_64_3.112.0.v20190904-0609.jar:na]
	at org.eclipse.swt.widgets.Display.sendEvent(Display.java:5618) ~[org.eclipse.swt.gtk.linux.x86_64_3.112.0.v20190904-0609.jar:na]
	at org.eclipse.swt.widgets.Widget.sendEvent(Widget.java:1405) ~[org.eclipse.swt.gtk.linux.x86_64_3.112.0.v20190904-0609.jar:na]
	at org.eclipse.swt.widgets.Display.runDeferredEvents(Display.java:4882) ~[org.eclipse.swt.gtk.linux.x86_64_3.112.0.v20190904-0609.jar:na]
	at org.eclipse.swt.widgets.Display.readAndDispatch(Display.java:4406) ~[org.eclipse.swt.gtk.linux.x86_64_3.112.0.v20190904-0609.jar:na]
	at org.eclipse.e4.ui.internal.workbench.swt.PartRenderingEngine$5.run(PartRenderingEngine.java:1160) ~[na:na]
	at org.eclipse.core.databinding.observable.Realm.runWithDefault(Realm.java:338) ~[na:na]
	at org.eclipse.e4.ui.internal.workbench.swt.PartRenderingEngine.run(PartRenderingEngine.java:1049) ~[na:na]
	at org.eclipse.e4.ui.internal.workbench.E4Workbench.createAndRunUI(E4Workbench.java:155) ~[na:na]
	at org.eclipse.ui.internal.Workbench.lambda$3(Workbench.java:633) ~[na:na]
	at org.eclipse.core.databinding.observable.Realm.runWithDefault(Realm.java:338) ~[na:na]
	at org.eclipse.ui.internal.Workbench.createAndRunWorkbench(Workbench.java:557) ~[na:na]
	at org.eclipse.ui.PlatformUI.createAndRunWorkbench(PlatformUI.java:150) ~[na:na]
	at org.eclipse.ui.internal.ide.application.IDEApplication.start(IDEApplication.java:150) ~[na:na]
	at org.eclipse.equinox.internal.app.EclipseAppHandle.run(EclipseAppHandle.java:203) ~[org.eclipse.equinox.app_1.4.300.v20190815-1535.jar:na]
	at org.eclipse.core.runtime.internal.adaptor.EclipseAppLauncher.runApplication(EclipseAppLauncher.java:137) ~[org.eclipse.osgi_3.15.0.v20190830-1434.jar:na]
	at org.eclipse.core.runtime.internal.adaptor.EclipseAppLauncher.start(EclipseAppLauncher.java:107) ~[org.eclipse.osgi_3.15.0.v20190830-1434.jar:na]
	at org.eclipse.core.runtime.adaptor.EclipseStarter.run(EclipseStarter.java:400) ~[org.eclipse.osgi_3.15.0.v20190830-1434.jar:na]
	at org.eclipse.core.runtime.adaptor.EclipseStarter.run(EclipseStarter.java:255) ~[org.eclipse.osgi_3.15.0.v20190830-1434.jar:na]
	at java.base/jdk.internal.reflect.NativeMethodAccessorImpl.invoke0(Native Method) ~[na:na]
	at java.base/jdk.internal.reflect.NativeMethodAccessorImpl.invoke(NativeMethodAccessorImpl.java:62) ~[na:na]
	at java.base/jdk.internal.reflect.DelegatingMethodAccessorImpl.invoke(DelegatingMethodAccessorImpl.java:43) ~[na:na]
	at java.base/java.lang.reflect.Method.invoke(Method.java:566) ~[na:na]
	at org.eclipse.equinox.launcher.Main.invokeFramework(Main.java:660) ~[org.eclipse.equinox.launcher_1.5.500.v20190715-1310.jar:na]
	at org.eclipse.equinox.launcher.Main.basicRun(Main.java:597) ~[org.eclipse.equinox.launcher_1.5.500.v20190715-1310.jar:na]
	at org.eclipse.equinox.launcher.Main.run(Main.java:1468) ~[org.eclipse.equinox.launcher_1.5.500.v20190715-1310.jar:na]
	at org.eclipse.equinox.launcher.Main.main(Main.java:1441) ~[org.eclipse.equinox.launcher_1.5.500.v20190715-1310.jar:na]
2020-02-04 10:34:13,662 [main] ERROR o.e.j.i.storage.file.LockFile - Creating lock file /home/escuelita/Escritorio/java/.git/index.lock failed
java.nio.file.AccessDeniedException: /home/escuelita/Escritorio/java/.git/index.lock
	at java.base/sun.nio.fs.UnixException.translateToIOException(UnixException.java:90) ~[na:na]
	at java.base/sun.nio.fs.UnixException.rethrowAsIOException(UnixException.java:111) ~[na:na]
	at java.base/sun.nio.fs.UnixException.rethrowAsIOException(UnixException.java:116) ~[na:na]
	at java.base/sun.nio.fs.UnixFileSystemProvider.newByteChannel(UnixFileSystemProvider.java:215) ~[na:na]
	at java.base/java.nio.file.Files.newByteChannel(Files.java:370) ~[na:na]
	at java.base/java.nio.file.Files.createFile(Files.java:647) ~[na:na]
	at org.eclipse.jgit.util.FS_POSIX.createNewFileAtomic(FS_POSIX.java:446) ~[na:na]
	at org.eclipse.jgit.internal.storage.file.LockFile.lock(LockFile.java:165) ~[na:na]
	at org.eclipse.jgit.dircache.DirCache.lock(DirCache.java:603) ~[na:na]
	at org.eclipse.jgit.dircache.DirCache.lock(DirCache.java:250) ~[na:na]
	at org.eclipse.jgit.dircache.DirCache.lock(DirCache.java:322) ~[na:na]
	at org.eclipse.jgit.dircache.DirCache.lock(DirCache.java:288) ~[na:na]
	at org.eclipse.jgit.lib.Repository.lockDirCache(Repository.java:1292) ~[na:na]
	at org.eclipse.egit.core.GitMoveDeleteHook.moveFile(GitMoveDeleteHook.java:186) ~[na:na]
	at org.eclipse.team.internal.core.MoveDeleteManager.moveFile(MoveDeleteManager.java:82) ~[na:na]
	at org.eclipse.core.internal.resources.Resource.unprotectedMove(Resource.java:1801) ~[na:na]
	at org.eclipse.core.internal.resources.Resource.move(Resource.java:1494) ~[na:na]
	at org.eclipse.jdt.internal.core.CopyResourceElementsOperation.processCompilationUnitResource(CopyResourceElementsOperation.java:346) ~[na:na]
	at org.eclipse.jdt.internal.core.CopyResourceElementsOperation.processElement(CopyResourceElementsOperation.java:417) ~[na:na]
	at org.eclipse.jdt.internal.core.MultiOperation.processElements(MultiOperation.java:168) ~[na:na]
	at org.eclipse.jdt.internal.core.CopyResourceElementsOperation.processElements(CopyResourceElementsOperation.java:436) ~[na:na]
	at org.eclipse.jdt.internal.core.MultiOperation.executeOperation(MultiOperation.java:95) ~[na:na]
	at org.eclipse.jdt.internal.core.JavaModelOperation.run(JavaModelOperation.java:736) ~[na:na]
	at org.eclipse.core.internal.resources.Workspace.run(Workspace.java:2295) ~[na:na]
	at org.eclipse.core.internal.resources.Workspace.run(Workspace.java:2322) ~[na:na]
	at org.eclipse.jdt.internal.core.JavaModelOperation.runOperation(JavaModelOperation.java:807) ~[na:na]
	at org.eclipse.jdt.internal.core.JavaModel.runOperation(JavaModel.java:301) ~[na:na]
	at org.eclipse.jdt.internal.core.JavaModel.move(JavaModel.java:260) ~[na:na]
	at org.eclipse.jdt.internal.core.CompilationUnit.move(CompilationUnit.java:1165) ~[na:na]
	at org.eclipse.jdt.internal.corext.refactoring.changes.MoveCompilationUnitChange.doPerformReorg(MoveCompilationUnitChange.java:90) ~[na:na]
	at org.eclipse.jdt.internal.corext.refactoring.changes.CompilationUnitReorgChange.perform(CompilationUnitReorgChange.java:68) ~[na:na]
	at org.eclipse.ltk.core.refactoring.CompositeChange.perform(CompositeChange.java:283) ~[na:na]
	at org.eclipse.jdt.ui.text.java.correction.ChangeCorrectionProposal.performChange(ChangeCorrectionProposal.java:185) ~[na:na]
	at org.eclipse.jdt.ui.text.java.correction.ChangeCorrectionProposal.apply(ChangeCorrectionProposal.java:112) ~[na:na]
	at org.eclipse.jface.text.contentassist.CompletionProposalPopup.insertProposal(CompletionProposalPopup.java:1015) ~[na:na]
	at org.eclipse.jface.text.contentassist.CompletionProposalPopup.insertSelectedProposalWithMask(CompletionProposalPopup.java:959) ~[na:na]
	at org.eclipse.jface.text.contentassist.CompletionProposalPopup.access$9(CompletionProposalPopup.java:955) ~[na:na]
	at org.eclipse.jface.text.contentassist.CompletionProposalPopup$4.widgetDefaultSelected(CompletionProposalPopup.java:700) ~[na:na]
	at org.eclipse.swt.widgets.TypedListener.handleEvent(TypedListener.java:123) ~[org.eclipse.swt.gtk.linux.x86_64_3.112.0.v20190904-0609.jar:na]
	at org.eclipse.swt.widgets.EventTable.sendEvent(EventTable.java:89) ~[org.eclipse.swt.gtk.linux.x86_64_3.112.0.v20190904-0609.jar:na]
	at org.eclipse.swt.widgets.Display.sendEvent(Display.java:5618) ~[org.eclipse.swt.gtk.linux.x86_64_3.112.0.v20190904-0609.jar:na]
	at org.eclipse.swt.widgets.Widget.sendEvent(Widget.java:1405) ~[org.eclipse.swt.gtk.linux.x86_64_3.112.0.v20190904-0609.jar:na]
	at org.eclipse.swt.widgets.Display.runDeferredEvents(Display.java:4882) ~[org.eclipse.swt.gtk.linux.x86_64_3.112.0.v20190904-0609.jar:na]
	at org.eclipse.swt.widgets.Display.readAndDispatch(Display.java:4406) ~[org.eclipse.swt.gtk.linux.x86_64_3.112.0.v20190904-0609.jar:na]
	at org.eclipse.e4.ui.internal.workbench.swt.PartRenderingEngine$5.run(PartRenderingEngine.java:1160) ~[na:na]
	at org.eclipse.core.databinding.observable.Realm.runWithDefault(Realm.java:338) ~[na:na]
	at org.eclipse.e4.ui.internal.workbench.swt.PartRenderingEngine.run(PartRenderingEngine.java:1049) ~[na:na]
	at org.eclipse.e4.ui.internal.workbench.E4Workbench.createAndRunUI(E4Workbench.java:155) ~[na:na]
	at org.eclipse.ui.internal.Workbench.lambda$3(Workbench.java:633) ~[na:na]
	at org.eclipse.core.databinding.observable.Realm.runWithDefault(Realm.java:338) ~[na:na]
	at org.eclipse.ui.internal.Workbench.createAndRunWorkbench(Workbench.java:557) ~[na:na]
	at org.eclipse.ui.PlatformUI.createAndRunWorkbench(PlatformUI.java:150) ~[na:na]
	at org.eclipse.ui.internal.ide.application.IDEApplication.start(IDEApplication.java:150) ~[na:na]
	at org.eclipse.equinox.internal.app.EclipseAppHandle.run(EclipseAppHandle.java:203) ~[org.eclipse.equinox.app_1.4.300.v20190815-1535.jar:na]
	at org.eclipse.core.runtime.internal.adaptor.EclipseAppLauncher.runApplication(EclipseAppLauncher.java:137) ~[org.eclipse.osgi_3.15.0.v20190830-1434.jar:na]
	at org.eclipse.core.runtime.internal.adaptor.EclipseAppLauncher.start(EclipseAppLauncher.java:107) ~[org.eclipse.osgi_3.15.0.v20190830-1434.jar:na]
	at org.eclipse.core.runtime.adaptor.EclipseStarter.run(EclipseStarter.java:400) ~[org.eclipse.osgi_3.15.0.v20190830-1434.jar:na]
	at org.eclipse.core.runtime.adaptor.EclipseStarter.run(EclipseStarter.java:255) ~[org.eclipse.osgi_3.15.0.v20190830-1434.jar:na]
	at java.base/jdk.internal.reflect.NativeMethodAccessorImpl.invoke0(Native Method) ~[na:na]
	at java.base/jdk.internal.reflect.NativeMethodAccessorImpl.invoke(NativeMethodAccessorImpl.java:62) ~[na:na]
	at java.base/jdk.internal.reflect.DelegatingMethodAccessorImpl.invoke(DelegatingMethodAccessorImpl.java:43) ~[na:na]
	at java.base/java.lang.reflect.Method.invoke(Method.java:566) ~[na:na]
	at org.eclipse.equinox.launcher.Main.invokeFramework(Main.java:660) ~[org.eclipse.equinox.launcher_1.5.500.v20190715-1310.jar:na]
	at org.eclipse.equinox.launcher.Main.basicRun(Main.java:597) ~[org.eclipse.equinox.launcher_1.5.500.v20190715-1310.jar:na]
	at org.eclipse.equinox.launcher.Main.run(Main.java:1468) ~[org.eclipse.equinox.launcher_1.5.500.v20190715-1310.jar:na]
	at org.eclipse.equinox.launcher.Main.main(Main.java:1441) ~[org.eclipse.equinox.launcher_1.5.500.v20190715-1310.jar:na]
2020-02-04 10:37:30,280 [main] ERROR o.e.j.i.storage.file.LockFile - Creating lock file /home/escuelita/Escritorio/java/.git/index.lock failed
java.nio.file.AccessDeniedException: /home/escuelita/Escritorio/java/.git/index.lock
	at java.base/sun.nio.fs.UnixException.translateToIOException(UnixException.java:90) ~[na:na]
	at java.base/sun.nio.fs.UnixException.rethrowAsIOException(UnixException.java:111) ~[na:na]
	at java.base/sun.nio.fs.UnixException.rethrowAsIOException(UnixException.java:116) ~[na:na]
	at java.base/sun.nio.fs.UnixFileSystemProvider.newByteChannel(UnixFileSystemProvider.java:215) ~[na:na]
	at java.base/java.nio.file.Files.newByteChannel(Files.java:370) ~[na:na]
	at java.base/java.nio.file.Files.createFile(Files.java:647) ~[na:na]
	at org.eclipse.jgit.util.FS_POSIX.createNewFileAtomic(FS_POSIX.java:446) ~[na:na]
	at org.eclipse.jgit.internal.storage.file.LockFile.lock(LockFile.java:165) ~[na:na]
	at org.eclipse.jgit.dircache.DirCache.lock(DirCache.java:603) ~[na:na]
	at org.eclipse.jgit.dircache.DirCache.lock(DirCache.java:250) ~[na:na]
	at org.eclipse.jgit.dircache.DirCache.lock(DirCache.java:322) ~[na:na]
	at org.eclipse.jgit.dircache.DirCache.lock(DirCache.java:288) ~[na:na]
	at org.eclipse.jgit.lib.Repository.lockDirCache(Repository.java:1292) ~[na:na]
	at org.eclipse.egit.core.GitMoveDeleteHook.moveFile(GitMoveDeleteHook.java:186) ~[na:na]
	at org.eclipse.team.internal.core.MoveDeleteManager.moveFile(MoveDeleteManager.java:82) ~[na:na]
	at org.eclipse.core.internal.resources.Resource.unprotectedMove(Resource.java:1801) ~[na:na]
	at org.eclipse.core.internal.resources.Resource.move(Resource.java:1494) ~[na:na]
	at org.eclipse.jdt.internal.core.CopyResourceElementsOperation.processCompilationUnitResource(CopyResourceElementsOperation.java:346) ~[na:na]
	at org.eclipse.jdt.internal.core.CopyResourceElementsOperation.processElement(CopyResourceElementsOperation.java:417) ~[na:na]
	at org.eclipse.jdt.internal.core.MultiOperation.processElements(MultiOperation.java:168) ~[na:na]
	at org.eclipse.jdt.internal.core.CopyResourceElementsOperation.processElements(CopyResourceElementsOperation.java:436) ~[na:na]
	at org.eclipse.jdt.internal.core.MultiOperation.executeOperation(MultiOperation.java:95) ~[na:na]
	at org.eclipse.jdt.internal.core.JavaModelOperation.run(JavaModelOperation.java:736) ~[na:na]
	at org.eclipse.core.internal.resources.Workspace.run(Workspace.java:2295) ~[na:na]
	at org.eclipse.core.internal.resources.Workspace.run(Workspace.java:2322) ~[na:na]
	at org.eclipse.jdt.internal.core.JavaModelOperation.runOperation(JavaModelOperation.java:807) ~[na:na]
	at org.eclipse.jdt.internal.core.JavaModel.runOperation(JavaModel.java:301) ~[na:na]
	at org.eclipse.jdt.internal.core.JavaModel.move(JavaModel.java:260) ~[na:na]
	at org.eclipse.jdt.internal.core.CompilationUnit.move(CompilationUnit.java:1165) ~[na:na]
	at org.eclipse.jdt.internal.corext.refactoring.changes.MoveCompilationUnitChange.doPerformReorg(MoveCompilationUnitChange.java:90) ~[na:na]
	at org.eclipse.jdt.internal.corext.refactoring.changes.CompilationUnitReorgChange.perform(CompilationUnitReorgChange.java:68) ~[na:na]
	at org.eclipse.ltk.core.refactoring.CompositeChange.perform(CompositeChange.java:283) ~[na:na]
	at org.eclipse.jdt.ui.text.java.correction.ChangeCorrectionProposal.performChange(ChangeCorrectionProposal.java:185) ~[na:na]
	at org.eclipse.jdt.ui.text.java.correction.ChangeCorrectionProposal.apply(ChangeCorrectionProposal.java:112) ~[na:na]
	at org.eclipse.jface.text.contentassist.CompletionProposalPopup.insertProposal(CompletionProposalPopup.java:1015) ~[na:na]
	at org.eclipse.jface.text.contentassist.CompletionProposalPopup.insertSelectedProposalWithMask(CompletionProposalPopup.java:959) ~[na:na]
	at org.eclipse.jface.text.contentassist.CompletionProposalPopup.access$9(CompletionProposalPopup.java:955) ~[na:na]
	at org.eclipse.jface.text.contentassist.CompletionProposalPopup$4.widgetDefaultSelected(CompletionProposalPopup.java:700) ~[na:na]
	at org.eclipse.swt.widgets.TypedListener.handleEvent(TypedListener.java:123) ~[org.eclipse.swt.gtk.linux.x86_64_3.112.0.v20190904-0609.jar:na]
	at org.eclipse.swt.widgets.EventTable.sendEvent(EventTable.java:89) ~[org.eclipse.swt.gtk.linux.x86_64_3.112.0.v20190904-0609.jar:na]
	at org.eclipse.swt.widgets.Display.sendEvent(Display.java:5618) ~[org.eclipse.swt.gtk.linux.x86_64_3.112.0.v20190904-0609.jar:na]
	at org.eclipse.swt.widgets.Widget.sendEvent(Widget.java:1405) ~[org.eclipse.swt.gtk.linux.x86_64_3.112.0.v20190904-0609.jar:na]
	at org.eclipse.swt.widgets.Display.runDeferredEvents(Display.java:4882) ~[org.eclipse.swt.gtk.linux.x86_64_3.112.0.v20190904-0609.jar:na]
	at org.eclipse.swt.widgets.Display.readAndDispatch(Display.java:4406) ~[org.eclipse.swt.gtk.linux.x86_64_3.112.0.v20190904-0609.jar:na]
	at org.eclipse.e4.ui.internal.workbench.swt.PartRenderingEngine$5.run(PartRenderingEngine.java:1160) ~[na:na]
	at org.eclipse.core.databinding.observable.Realm.runWithDefault(Realm.java:338) ~[na:na]
	at org.eclipse.e4.ui.internal.workbench.swt.PartRenderingEngine.run(PartRenderingEngine.java:1049) ~[na:na]
	at org.eclipse.e4.ui.internal.workbench.E4Workbench.createAndRunUI(E4Workbench.java:155) ~[na:na]
	at org.eclipse.ui.internal.Workbench.lambda$3(Workbench.java:633) ~[na:na]
	at org.eclipse.core.databinding.observable.Realm.runWithDefault(Realm.java:338) ~[na:na]
	at org.eclipse.ui.internal.Workbench.createAndRunWorkbench(Workbench.java:557) ~[na:na]
	at org.eclipse.ui.PlatformUI.createAndRunWorkbench(PlatformUI.java:150) ~[na:na]
	at org.eclipse.ui.internal.ide.application.IDEApplication.start(IDEApplication.java:150) ~[na:na]
	at org.eclipse.equinox.internal.app.EclipseAppHandle.run(EclipseAppHandle.java:203) ~[org.eclipse.equinox.app_1.4.300.v20190815-1535.jar:na]
	at org.eclipse.core.runtime.internal.adaptor.EclipseAppLauncher.runApplication(EclipseAppLauncher.java:137) ~[org.eclipse.osgi_3.15.0.v20190830-1434.jar:na]
	at org.eclipse.core.runtime.internal.adaptor.EclipseAppLauncher.start(EclipseAppLauncher.java:107) ~[org.eclipse.osgi_3.15.0.v20190830-1434.jar:na]
	at org.eclipse.core.runtime.adaptor.EclipseStarter.run(EclipseStarter.java:400) ~[org.eclipse.osgi_3.15.0.v20190830-1434.jar:na]
	at org.eclipse.core.runtime.adaptor.EclipseStarter.run(EclipseStarter.java:255) ~[org.eclipse.osgi_3.15.0.v20190830-1434.jar:na]
	at java.base/jdk.internal.reflect.NativeMethodAccessorImpl.invoke0(Native Method) ~[na:na]
	at java.base/jdk.internal.reflect.NativeMethodAccessorImpl.invoke(NativeMethodAccessorImpl.java:62) ~[na:na]
	at java.base/jdk.internal.reflect.DelegatingMethodAccessorImpl.invoke(DelegatingMethodAccessorImpl.java:43) ~[na:na]
	at java.base/java.lang.reflect.Method.invoke(Method.java:566) ~[na:na]
	at org.eclipse.equinox.launcher.Main.invokeFramework(Main.java:660) ~[org.eclipse.equinox.launcher_1.5.500.v20190715-1310.jar:na]
	at org.eclipse.equinox.launcher.Main.basicRun(Main.java:597) ~[org.eclipse.equinox.launcher_1.5.500.v20190715-1310.jar:na]
	at org.eclipse.equinox.launcher.Main.run(Main.java:1468) ~[org.eclipse.equinox.launcher_1.5.500.v20190715-1310.jar:na]
	at org.eclipse.equinox.launcher.Main.main(Main.java:1441) ~[org.eclipse.equinox.launcher_1.5.500.v20190715-1310.jar:na]
2020-02-04 10:37:52,477 [main] ERROR o.e.j.i.storage.file.LockFile - Creating lock file /home/escuelita/Escritorio/java/.git/index.lock failed
java.nio.file.AccessDeniedException: /home/escuelita/Escritorio/java/.git/index.lock
	at java.base/sun.nio.fs.UnixException.translateToIOException(UnixException.java:90) ~[na:na]
	at java.base/sun.nio.fs.UnixException.rethrowAsIOException(UnixException.java:111) ~[na:na]
	at java.base/sun.nio.fs.UnixException.rethrowAsIOException(UnixException.java:116) ~[na:na]
	at java.base/sun.nio.fs.UnixFileSystemProvider.newByteChannel(UnixFileSystemProvider.java:215) ~[na:na]
	at java.base/java.nio.file.Files.newByteChannel(Files.java:370) ~[na:na]
	at java.base/java.nio.file.Files.createFile(Files.java:647) ~[na:na]
	at org.eclipse.jgit.util.FS_POSIX.createNewFileAtomic(FS_POSIX.java:446) ~[na:na]
	at org.eclipse.jgit.internal.storage.file.LockFile.lock(LockFile.java:165) ~[na:na]
	at org.eclipse.jgit.dircache.DirCache.lock(DirCache.java:603) ~[na:na]
	at org.eclipse.jgit.dircache.DirCache.lock(DirCache.java:250) ~[na:na]
	at org.eclipse.jgit.dircache.DirCache.lock(DirCache.java:322) ~[na:na]
	at org.eclipse.jgit.dircache.DirCache.lock(DirCache.java:288) ~[na:na]
	at org.eclipse.jgit.lib.Repository.lockDirCache(Repository.java:1292) ~[na:na]
	at org.eclipse.egit.core.GitMoveDeleteHook.moveFile(GitMoveDeleteHook.java:186) ~[na:na]
	at org.eclipse.team.internal.core.MoveDeleteManager.moveFile(MoveDeleteManager.java:82) ~[na:na]
	at org.eclipse.core.internal.resources.Resource.unprotectedMove(Resource.java:1801) ~[na:na]
	at org.eclipse.core.internal.resources.Resource.move(Resource.java:1494) ~[na:na]
	at org.eclipse.jdt.internal.core.CopyResourceElementsOperation.processCompilationUnitResource(CopyResourceElementsOperation.java:346) ~[na:na]
	at org.eclipse.jdt.internal.core.CopyResourceElementsOperation.processElement(CopyResourceElementsOperation.java:417) ~[na:na]
	at org.eclipse.jdt.internal.core.MultiOperation.processElements(MultiOperation.java:168) ~[na:na]
	at org.eclipse.jdt.internal.core.CopyResourceElementsOperation.processElements(CopyResourceElementsOperation.java:436) ~[na:na]
	at org.eclipse.jdt.internal.core.MultiOperation.executeOperation(MultiOperation.java:95) ~[na:na]
	at org.eclipse.jdt.internal.core.JavaModelOperation.run(JavaModelOperation.java:736) ~[na:na]
	at org.eclipse.core.internal.resources.Workspace.run(Workspace.java:2295) ~[na:na]
	at org.eclipse.core.internal.resources.Workspace.run(Workspace.java:2322) ~[na:na]
	at org.eclipse.jdt.internal.core.JavaModelOperation.runOperation(JavaModelOperation.java:807) ~[na:na]
	at org.eclipse.jdt.internal.core.JavaModel.runOperation(JavaModel.java:301) ~[na:na]
	at org.eclipse.jdt.internal.core.JavaModel.move(JavaModel.java:260) ~[na:na]
	at org.eclipse.jdt.internal.core.CompilationUnit.move(CompilationUnit.java:1165) ~[na:na]
	at org.eclipse.jdt.internal.corext.refactoring.changes.MoveCompilationUnitChange.doPerformReorg(MoveCompilationUnitChange.java:90) ~[na:na]
	at org.eclipse.jdt.internal.corext.refactoring.changes.CompilationUnitReorgChange.perform(CompilationUnitReorgChange.java:68) ~[na:na]
	at org.eclipse.ltk.core.refactoring.CompositeChange.perform(CompositeChange.java:283) ~[na:na]
	at org.eclipse.jdt.ui.text.java.correction.ChangeCorrectionProposal.performChange(ChangeCorrectionProposal.java:185) ~[na:na]
	at org.eclipse.jdt.ui.text.java.correction.ChangeCorrectionProposal.apply(ChangeCorrectionProposal.java:112) ~[na:na]
	at org.eclipse.jface.text.contentassist.CompletionProposalPopup.insertProposal(CompletionProposalPopup.java:1015) ~[na:na]
	at org.eclipse.jface.text.contentassist.CompletionProposalPopup.insertSelectedProposalWithMask(CompletionProposalPopup.java:959) ~[na:na]
	at org.eclipse.jface.text.contentassist.CompletionProposalPopup.access$9(CompletionProposalPopup.java:955) ~[na:na]
	at org.eclipse.jface.text.contentassist.CompletionProposalPopup$4.widgetDefaultSelected(CompletionProposalPopup.java:700) ~[na:na]
	at org.eclipse.swt.widgets.TypedListener.handleEvent(TypedListener.java:123) ~[org.eclipse.swt.gtk.linux.x86_64_3.112.0.v20190904-0609.jar:na]
	at org.eclipse.swt.widgets.EventTable.sendEvent(EventTable.java:89) ~[org.eclipse.swt.gtk.linux.x86_64_3.112.0.v20190904-0609.jar:na]
	at org.eclipse.swt.widgets.Display.sendEvent(Display.java:5618) ~[org.eclipse.swt.gtk.linux.x86_64_3.112.0.v20190904-0609.jar:na]
	at org.eclipse.swt.widgets.Widget.sendEvent(Widget.java:1405) ~[org.eclipse.swt.gtk.linux.x86_64_3.112.0.v20190904-0609.jar:na]
	at org.eclipse.swt.widgets.Display.runDeferredEvents(Display.java:4882) ~[org.eclipse.swt.gtk.linux.x86_64_3.112.0.v20190904-0609.jar:na]
	at org.eclipse.swt.widgets.Display.readAndDispatch(Display.java:4406) ~[org.eclipse.swt.gtk.linux.x86_64_3.112.0.v20190904-0609.jar:na]
	at org.eclipse.e4.ui.internal.workbench.swt.PartRenderingEngine$5.run(PartRenderingEngine.java:1160) ~[na:na]
	at org.eclipse.core.databinding.observable.Realm.runWithDefault(Realm.java:338) ~[na:na]
	at org.eclipse.e4.ui.internal.workbench.swt.PartRenderingEngine.run(PartRenderingEngine.java:1049) ~[na:na]
	at org.eclipse.e4.ui.internal.workbench.E4Workbench.createAndRunUI(E4Workbench.java:155) ~[na:na]
	at org.eclipse.ui.internal.Workbench.lambda$3(Workbench.java:633) ~[na:na]
	at org.eclipse.core.databinding.observable.Realm.runWithDefault(Realm.java:338) ~[na:na]
	at org.eclipse.ui.internal.Workbench.createAndRunWorkbench(Workbench.java:557) ~[na:na]
	at org.eclipse.ui.PlatformUI.createAndRunWorkbench(PlatformUI.java:150) ~[na:na]
	at org.eclipse.ui.internal.ide.application.IDEApplication.start(IDEApplication.java:150) ~[na:na]
	at org.eclipse.equinox.internal.app.EclipseAppHandle.run(EclipseAppHandle.java:203) ~[org.eclipse.equinox.app_1.4.300.v20190815-1535.jar:na]
	at org.eclipse.core.runtime.internal.adaptor.EclipseAppLauncher.runApplication(EclipseAppLauncher.java:137) ~[org.eclipse.osgi_3.15.0.v20190830-1434.jar:na]
	at org.eclipse.core.runtime.internal.adaptor.EclipseAppLauncher.start(EclipseAppLauncher.java:107) ~[org.eclipse.osgi_3.15.0.v20190830-1434.jar:na]
	at org.eclipse.core.runtime.adaptor.EclipseStarter.run(EclipseStarter.java:400) ~[org.eclipse.osgi_3.15.0.v20190830-1434.jar:na]
	at org.eclipse.core.runtime.adaptor.EclipseStarter.run(EclipseStarter.java:255) ~[org.eclipse.osgi_3.15.0.v20190830-1434.jar:na]
	at java.base/jdk.internal.reflect.NativeMethodAccessorImpl.invoke0(Native Method) ~[na:na]
	at java.base/jdk.internal.reflect.NativeMethodAccessorImpl.invoke(NativeMethodAccessorImpl.java:62) ~[na:na]
	at java.base/jdk.internal.reflect.DelegatingMethodAccessorImpl.invoke(DelegatingMethodAccessorImpl.java:43) ~[na:na]
	at java.base/java.lang.reflect.Method.invoke(Method.java:566) ~[na:na]
	at org.eclipse.equinox.launcher.Main.invokeFramework(Main.java:660) ~[org.eclipse.equinox.launcher_1.5.500.v20190715-1310.jar:na]
	at org.eclipse.equinox.launcher.Main.basicRun(Main.java:597) ~[org.eclipse.equinox.launcher_1.5.500.v20190715-1310.jar:na]
	at org.eclipse.equinox.launcher.Main.run(Main.java:1468) ~[org.eclipse.equinox.launcher_1.5.500.v20190715-1310.jar:na]
	at org.eclipse.equinox.launcher.Main.main(Main.java:1441) ~[org.eclipse.equinox.launcher_1.5.500.v20190715-1310.jar:na]
2020-02-04 14:42:10,446 [Worker-0: Loading available Gradle versions] INFO  o.e.b.c.i.u.g.PublishedGradleVersions - Gradle version information cache is out-of-date. Trying to update.
2020-02-05 08:53:01,305 [Worker-8: Loading available Gradle versions] INFO  o.e.b.c.i.u.g.PublishedGradleVersions - Gradle version information cache is up-to-date. Trying to read.
2020-02-06 08:57:13,304 [Worker-1: Loading available Gradle versions] INFO  o.e.b.c.i.u.g.PublishedGradleVersions - Gradle version information cache is out-of-date. Trying to update.
2020-02-06 09:13:24,362 [main] ERROR o.e.j.i.storage.file.LockFile - Creating lock file /home/escuelita/Escritorio/java/.git/index.lock failed
java.nio.file.AccessDeniedException: /home/escuelita/Escritorio/java/.git/index.lock
	at java.base/sun.nio.fs.UnixException.translateToIOException(UnixException.java:90) ~[na:na]
	at java.base/sun.nio.fs.UnixException.rethrowAsIOException(UnixException.java:111) ~[na:na]
	at java.base/sun.nio.fs.UnixException.rethrowAsIOException(UnixException.java:116) ~[na:na]
	at java.base/sun.nio.fs.UnixFileSystemProvider.newByteChannel(UnixFileSystemProvider.java:215) ~[na:na]
	at java.base/java.nio.file.Files.newByteChannel(Files.java:370) ~[na:na]
	at java.base/java.nio.file.Files.createFile(Files.java:647) ~[na:na]
	at org.eclipse.jgit.util.FS_POSIX.createNewFileAtomic(FS_POSIX.java:446) ~[na:na]
	at org.eclipse.jgit.internal.storage.file.LockFile.lock(LockFile.java:165) ~[na:na]
	at org.eclipse.jgit.dircache.DirCache.lock(DirCache.java:603) ~[na:na]
	at org.eclipse.jgit.dircache.DirCache.lock(DirCache.java:250) ~[na:na]
	at org.eclipse.jgit.dircache.DirCache.lock(DirCache.java:322) ~[na:na]
	at org.eclipse.jgit.dircache.DirCache.lock(DirCache.java:288) ~[na:na]
	at org.eclipse.jgit.lib.Repository.lockDirCache(Repository.java:1292) ~[na:na]
	at org.eclipse.egit.core.GitMoveDeleteHook.moveFile(GitMoveDeleteHook.java:186) ~[na:na]
	at org.eclipse.team.internal.core.MoveDeleteManager.moveFile(MoveDeleteManager.java:82) ~[na:na]
	at org.eclipse.core.internal.resources.Resource.unprotectedMove(Resource.java:1801) ~[na:na]
	at org.eclipse.core.internal.resources.Resource.move(Resource.java:1494) ~[na:na]
	at org.eclipse.jdt.internal.core.CopyResourceElementsOperation.processCompilationUnitResource(CopyResourceElementsOperation.java:346) ~[na:na]
	at org.eclipse.jdt.internal.core.CopyResourceElementsOperation.processElement(CopyResourceElementsOperation.java:417) ~[na:na]
	at org.eclipse.jdt.internal.core.MultiOperation.processElements(MultiOperation.java:168) ~[na:na]
	at org.eclipse.jdt.internal.core.CopyResourceElementsOperation.processElements(CopyResourceElementsOperation.java:436) ~[na:na]
	at org.eclipse.jdt.internal.core.MultiOperation.executeOperation(MultiOperation.java:95) ~[na:na]
	at org.eclipse.jdt.internal.core.JavaModelOperation.run(JavaModelOperation.java:736) ~[na:na]
	at org.eclipse.core.internal.resources.Workspace.run(Workspace.java:2295) ~[na:na]
	at org.eclipse.core.internal.resources.Workspace.run(Workspace.java:2322) ~[na:na]
	at org.eclipse.jdt.internal.core.JavaModelOperation.runOperation(JavaModelOperation.java:807) ~[na:na]
	at org.eclipse.jdt.internal.core.JavaModel.runOperation(JavaModel.java:301) ~[na:na]
	at org.eclipse.jdt.internal.core.JavaModel.move(JavaModel.java:260) ~[na:na]
	at org.eclipse.jdt.internal.core.CompilationUnit.move(CompilationUnit.java:1165) ~[na:na]
	at org.eclipse.jdt.internal.corext.refactoring.changes.MoveCompilationUnitChange.doPerformReorg(MoveCompilationUnitChange.java:90) ~[na:na]
	at org.eclipse.jdt.internal.corext.refactoring.changes.CompilationUnitReorgChange.perform(CompilationUnitReorgChange.java:68) ~[na:na]
	at org.eclipse.ltk.core.refactoring.CompositeChange.perform(CompositeChange.java:283) ~[na:na]
	at org.eclipse.jdt.ui.text.java.correction.ChangeCorrectionProposal.performChange(ChangeCorrectionProposal.java:185) ~[na:na]
	at org.eclipse.jdt.ui.text.java.correction.ChangeCorrectionProposal.apply(ChangeCorrectionProposal.java:112) ~[na:na]
	at org.eclipse.jdt.internal.ui.text.java.hover.AbstractAnnotationHover$AnnotationInformationControl.apply(AbstractAnnotationHover.java:569) ~[na:na]
	at org.eclipse.jdt.internal.ui.text.java.hover.AbstractAnnotationHover$AnnotationInformationControl.access$2(AbstractAnnotationHover.java:546) ~[na:na]
	at org.eclipse.jdt.internal.ui.text.java.hover.AbstractAnnotationHover$AnnotationInformationControl$5.widgetSelected(AbstractAnnotationHover.java:540) ~[na:na]
	at org.eclipse.swt.widgets.TypedListener.handleEvent(TypedListener.java:252) ~[org.eclipse.swt.gtk.linux.x86_64_3.112.0.v20190904-0609.jar:na]
	at org.eclipse.swt.widgets.EventTable.sendEvent(EventTable.java:89) ~[org.eclipse.swt.gtk.linux.x86_64_3.112.0.v20190904-0609.jar:na]
	at org.eclipse.swt.widgets.Display.sendEvent(Display.java:5618) ~[org.eclipse.swt.gtk.linux.x86_64_3.112.0.v20190904-0609.jar:na]
	at org.eclipse.swt.widgets.Widget.sendEvent(Widget.java:1405) ~[org.eclipse.swt.gtk.linux.x86_64_3.112.0.v20190904-0609.jar:na]
	at org.eclipse.swt.widgets.Widget.sendEvent(Widget.java:1431) ~[org.eclipse.swt.gtk.linux.x86_64_3.112.0.v20190904-0609.jar:na]
	at org.eclipse.swt.widgets.Widget.sendSelectionEvent(Widget.java:1565) ~[org.eclipse.swt.gtk.linux.x86_64_3.112.0.v20190904-0609.jar:na]
	at org.eclipse.swt.widgets.Link.gtk_button_release_event(Link.java:394) ~[org.eclipse.swt.gtk.linux.x86_64_3.112.0.v20190904-0609.jar:na]
	at org.eclipse.swt.widgets.Widget.windowProc(Widget.java:2227) ~[org.eclipse.swt.gtk.linux.x86_64_3.112.0.v20190904-0609.jar:na]
	at org.eclipse.swt.widgets.Control.windowProc(Control.java:6846) ~[org.eclipse.swt.gtk.linux.x86_64_3.112.0.v20190904-0609.jar:na]
	at org.eclipse.swt.widgets.Display.windowProc(Display.java:5842) ~[org.eclipse.swt.gtk.linux.x86_64_3.112.0.v20190904-0609.jar:na]
	at org.eclipse.swt.internal.gtk.GTK._gtk_main_do_event(Native Method) ~[org.eclipse.swt.gtk.linux.x86_64_3.112.0.v20190904-0609.jar:na]
	at org.eclipse.swt.internal.gtk.GTK.gtk_main_do_event(GTK.java:4154) ~[org.eclipse.swt.gtk.linux.x86_64_3.112.0.v20190904-0609.jar:na]
	at org.eclipse.swt.widgets.Display.eventProc(Display.java:1474) ~[org.eclipse.swt.gtk.linux.x86_64_3.112.0.v20190904-0609.jar:na]
	at org.eclipse.swt.internal.gtk.OS._g_main_context_iteration(Native Method) ~[org.eclipse.swt.gtk.linux.x86_64_3.112.0.v20190904-0609.jar:na]
	at org.eclipse.swt.internal.gtk.OS.g_main_context_iteration(OS.java:1603) ~[org.eclipse.swt.gtk.linux.x86_64_3.112.0.v20190904-0609.jar:na]
	at org.eclipse.swt.widgets.Display.readAndDispatch(Display.java:4404) ~[org.eclipse.swt.gtk.linux.x86_64_3.112.0.v20190904-0609.jar:na]
	at org.eclipse.e4.ui.internal.workbench.swt.PartRenderingEngine$5.run(PartRenderingEngine.java:1160) ~[na:na]
	at org.eclipse.core.databinding.observable.Realm.runWithDefault(Realm.java:338) ~[na:na]
	at org.eclipse.e4.ui.internal.workbench.swt.PartRenderingEngine.run(PartRenderingEngine.java:1049) ~[na:na]
	at org.eclipse.e4.ui.internal.workbench.E4Workbench.createAndRunUI(E4Workbench.java:155) ~[na:na]
	at org.eclipse.ui.internal.Workbench.lambda$3(Workbench.java:633) ~[na:na]
	at org.eclipse.core.databinding.observable.Realm.runWithDefault(Realm.java:338) ~[na:na]
	at org.eclipse.ui.internal.Workbench.createAndRunWorkbench(Workbench.java:557) ~[na:na]
	at org.eclipse.ui.PlatformUI.createAndRunWorkbench(PlatformUI.java:150) ~[na:na]
	at org.eclipse.ui.internal.ide.application.IDEApplication.start(IDEApplication.java:150) ~[na:na]
	at org.eclipse.equinox.internal.app.EclipseAppHandle.run(EclipseAppHandle.java:203) ~[org.eclipse.equinox.app_1.4.300.v20190815-1535.jar:na]
	at org.eclipse.core.runtime.internal.adaptor.EclipseAppLauncher.runApplication(EclipseAppLauncher.java:137) ~[org.eclipse.osgi_3.15.0.v20190830-1434.jar:na]
	at org.eclipse.core.runtime.internal.adaptor.EclipseAppLauncher.start(EclipseAppLauncher.java:107) ~[org.eclipse.osgi_3.15.0.v20190830-1434.jar:na]
	at org.eclipse.core.runtime.adaptor.EclipseStarter.run(EclipseStarter.java:400) ~[org.eclipse.osgi_3.15.0.v20190830-1434.jar:na]
	at org.eclipse.core.runtime.adaptor.EclipseStarter.run(EclipseStarter.java:255) ~[org.eclipse.osgi_3.15.0.v20190830-1434.jar:na]
	at java.base/jdk.internal.reflect.NativeMethodAccessorImpl.invoke0(Native Method) ~[na:na]
	at java.base/jdk.internal.reflect.NativeMethodAccessorImpl.invoke(NativeMethodAccessorImpl.java:62) ~[na:na]
	at java.base/jdk.internal.reflect.DelegatingMethodAccessorImpl.invoke(DelegatingMethodAccessorImpl.java:43) ~[na:na]
	at java.base/java.lang.reflect.Method.invoke(Method.java:566) ~[na:na]
	at org.eclipse.equinox.launcher.Main.invokeFramework(Main.java:660) ~[org.eclipse.equinox.launcher_1.5.500.v20190715-1310.jar:na]
	at org.eclipse.equinox.launcher.Main.basicRun(Main.java:597) ~[org.eclipse.equinox.launcher_1.5.500.v20190715-1310.jar:na]
	at org.eclipse.equinox.launcher.Main.run(Main.java:1468) ~[org.eclipse.equinox.launcher_1.5.500.v20190715-1310.jar:na]
	at org.eclipse.equinox.launcher.Main.main(Main.java:1441) ~[org.eclipse.equinox.launcher_1.5.500.v20190715-1310.jar:na]
2020-02-06 09:13:38,804 [main] ERROR o.e.j.i.storage.file.LockFile - Creating lock file /home/escuelita/Escritorio/java/.git/index.lock failed
java.nio.file.AccessDeniedException: /home/escuelita/Escritorio/java/.git/index.lock
	at java.base/sun.nio.fs.UnixException.translateToIOException(UnixException.java:90) ~[na:na]
	at java.base/sun.nio.fs.UnixException.rethrowAsIOException(UnixException.java:111) ~[na:na]
	at java.base/sun.nio.fs.UnixException.rethrowAsIOException(UnixException.java:116) ~[na:na]
	at java.base/sun.nio.fs.UnixFileSystemProvider.newByteChannel(UnixFileSystemProvider.java:215) ~[na:na]
	at java.base/java.nio.file.Files.newByteChannel(Files.java:370) ~[na:na]
	at java.base/java.nio.file.Files.createFile(Files.java:647) ~[na:na]
	at org.eclipse.jgit.util.FS_POSIX.createNewFileAtomic(FS_POSIX.java:446) ~[na:na]
	at org.eclipse.jgit.internal.storage.file.LockFile.lock(LockFile.java:165) ~[na:na]
	at org.eclipse.jgit.dircache.DirCache.lock(DirCache.java:603) ~[na:na]
	at org.eclipse.jgit.dircache.DirCache.lock(DirCache.java:250) ~[na:na]
	at org.eclipse.jgit.dircache.DirCache.lock(DirCache.java:322) ~[na:na]
	at org.eclipse.jgit.dircache.DirCache.lock(DirCache.java:288) ~[na:na]
	at org.eclipse.jgit.lib.Repository.lockDirCache(Repository.java:1292) ~[na:na]
	at org.eclipse.egit.core.GitMoveDeleteHook.moveFile(GitMoveDeleteHook.java:186) ~[na:na]
	at org.eclipse.team.internal.core.MoveDeleteManager.moveFile(MoveDeleteManager.java:82) ~[na:na]
	at org.eclipse.core.internal.resources.Resource.unprotectedMove(Resource.java:1801) ~[na:na]
	at org.eclipse.core.internal.resources.Resource.move(Resource.java:1494) ~[na:na]
	at org.eclipse.jdt.internal.core.CopyResourceElementsOperation.processCompilationUnitResource(CopyResourceElementsOperation.java:346) ~[na:na]
	at org.eclipse.jdt.internal.core.CopyResourceElementsOperation.processElement(CopyResourceElementsOperation.java:417) ~[na:na]
	at org.eclipse.jdt.internal.core.MultiOperation.processElements(MultiOperation.java:168) ~[na:na]
	at org.eclipse.jdt.internal.core.CopyResourceElementsOperation.processElements(CopyResourceElementsOperation.java:436) ~[na:na]
	at org.eclipse.jdt.internal.core.MultiOperation.executeOperation(MultiOperation.java:95) ~[na:na]
	at org.eclipse.jdt.internal.core.JavaModelOperation.run(JavaModelOperation.java:736) ~[na:na]
	at org.eclipse.core.internal.resources.Workspace.run(Workspace.java:2295) ~[na:na]
	at org.eclipse.core.internal.resources.Workspace.run(Workspace.java:2322) ~[na:na]
	at org.eclipse.jdt.internal.core.JavaModelOperation.runOperation(JavaModelOperation.java:807) ~[na:na]
	at org.eclipse.jdt.internal.core.JavaModel.runOperation(JavaModel.java:301) ~[na:na]
	at org.eclipse.jdt.internal.core.JavaModel.move(JavaModel.java:260) ~[na:na]
	at org.eclipse.jdt.internal.core.CompilationUnit.move(CompilationUnit.java:1165) ~[na:na]
	at org.eclipse.jdt.internal.corext.refactoring.changes.MoveCompilationUnitChange.doPerformReorg(MoveCompilationUnitChange.java:90) ~[na:na]
	at org.eclipse.jdt.internal.corext.refactoring.changes.CompilationUnitReorgChange.perform(CompilationUnitReorgChange.java:68) ~[na:na]
	at org.eclipse.ltk.core.refactoring.CompositeChange.perform(CompositeChange.java:283) ~[na:na]
	at org.eclipse.jdt.internal.corext.refactoring.changes.DynamicValidationStateChange.access$0(DynamicValidationStateChange.java:1) ~[na:na]
	at org.eclipse.jdt.internal.corext.refactoring.changes.DynamicValidationStateChange$1.run(DynamicValidationStateChange.java:108) ~[na:na]
	at org.eclipse.jdt.internal.core.BatchOperation.executeOperation(BatchOperation.java:41) ~[na:na]
	at org.eclipse.jdt.internal.core.JavaModelOperation.run(JavaModelOperation.java:736) ~[na:na]
	at org.eclipse.core.internal.resources.Workspace.run(Workspace.java:2295) ~[na:na]
	at org.eclipse.core.internal.resources.Workspace.run(Workspace.java:2322) ~[na:na]
	at org.eclipse.jdt.core.JavaCore.run(JavaCore.java:5834) ~[na:na]
	at org.eclipse.jdt.internal.corext.refactoring.changes.DynamicValidationStateChange.perform(DynamicValidationStateChange.java:111) ~[na:na]
	at org.eclipse.jdt.internal.corext.refactoring.reorg.JavaMoveProcessor$1.perform(JavaMoveProcessor.java:154) ~[na:na]
	at org.eclipse.ltk.core.refactoring.CompositeChange.perform(CompositeChange.java:283) ~[na:na]
	at org.eclipse.ltk.core.refactoring.PerformChangeOperation$1.run(PerformChangeOperation.java:260) ~[na:na]
	at org.eclipse.core.internal.resources.Workspace.run(Workspace.java:2295) ~[na:na]
	at org.eclipse.core.internal.resources.Workspace.run(Workspace.java:2322) ~[na:na]
	at org.eclipse.ltk.core.refactoring.PerformChangeOperation.executeChange(PerformChangeOperation.java:308) ~[na:na]
	at org.eclipse.ltk.core.refactoring.PerformChangeOperation.run(PerformChangeOperation.java:224) ~[na:na]
	at org.eclipse.jdt.internal.ui.refactoring.RefactoringExecutionHelper$Operation.run(RefactoringExecutionHelper.java:111) ~[na:na]
	at org.eclipse.jdt.internal.core.BatchOperation.executeOperation(BatchOperation.java:41) ~[na:na]
	at org.eclipse.jdt.internal.core.JavaModelOperation.run(JavaModelOperation.java:736) ~[na:na]
	at org.eclipse.core.internal.resources.Workspace.run(Workspace.java:2295) ~[na:na]
	at org.eclipse.core.internal.resources.Workspace.run(Workspace.java:2322) ~[na:na]
	at org.eclipse.jdt.core.JavaCore.run(JavaCore.java:5834) ~[na:na]
	at org.eclipse.jdt.internal.ui.actions.WorkbenchRunnableAdapter.run(WorkbenchRunnableAdapter.java:108) ~[na:na]
	at org.eclipse.jface.operation.ModalContext.runInCurrentThread(ModalContext.java:436) ~[org.eclipse.jface_3.17.0.v20190820-1444.jar:na]
	at org.eclipse.jface.operation.ModalContext.run(ModalContext.java:352) ~[org.eclipse.jface_3.17.0.v20190820-1444.jar:na]
	at org.eclipse.ui.internal.WorkbenchWindow.lambda$5(WorkbenchWindow.java:2368) ~[na:na]
	at org.eclipse.swt.custom.BusyIndicator.showWhile(BusyIndicator.java:72) ~[org.eclipse.swt.gtk.linux.x86_64_3.112.0.v20190904-0609.jar:na]
	at org.eclipse.ui.internal.WorkbenchWindow.run(WorkbenchWindow.java:2366) ~[na:na]
	at org.eclipse.jdt.internal.ui.refactoring.RefactoringExecutionHelper.perform(RefactoringExecutionHelper.java:197) ~[na:na]
	at org.eclipse.jdt.internal.ui.refactoring.RefactoringExecutionHelper.perform(RefactoringExecutionHelper.java:156) ~[na:na]
	at org.eclipse.jdt.internal.ui.refactoring.reorg.ReorgMoveStarter.run(ReorgMoveStarter.java:73) ~[na:na]
	at org.eclipse.jdt.internal.ui.packageview.SelectionTransferDropAdapter.handleDropMove(SelectionTransferDropAdapter.java:266) ~[na:na]
	at org.eclipse.jdt.internal.ui.packageview.SelectionTransferDropAdapter.performDrop(SelectionTransferDropAdapter.java:203) ~[na:na]
	at org.eclipse.jdt.internal.ui.dnd.JdtViewerDropAdapter.drop(JdtViewerDropAdapter.java:252) ~[na:na]
	at org.eclipse.jface.util.DelegatingDropAdapter$3.run(DelegatingDropAdapter.java:227) ~[org.eclipse.jface_3.17.0.v20190820-1444.jar:na]
	at org.eclipse.core.runtime.SafeRunner.run(SafeRunner.java:45) ~[org.eclipse.equinox.common_3.10.500.v20190815-1535.jar:na]
	at org.eclipse.ui.internal.JFaceUtil.lambda$0(JFaceUtil.java:47) ~[na:na]
	at org.eclipse.jface.util.SafeRunnable.run(SafeRunnable.java:174) ~[org.eclipse.jface_3.17.0.v20190820-1444.jar:na]
	at org.eclipse.jface.util.DelegatingDropAdapter.drop(DelegatingDropAdapter.java:224) ~[org.eclipse.jface_3.17.0.v20190820-1444.jar:na]
	at org.eclipse.swt.dnd.DNDListener.handleEvent(DNDListener.java:94) ~[org.eclipse.swt.gtk.linux.x86_64_3.112.0.v20190904-0609.jar:na]
	at org.eclipse.swt.widgets.EventTable.sendEvent(EventTable.java:89) ~[org.eclipse.swt.gtk.linux.x86_64_3.112.0.v20190904-0609.jar:na]
	at org.eclipse.swt.widgets.Display.sendEvent(Display.java:5618) ~[org.eclipse.swt.gtk.linux.x86_64_3.112.0.v20190904-0609.jar:na]
	at org.eclipse.swt.widgets.Widget.sendEvent(Widget.java:1405) ~[org.eclipse.swt.gtk.linux.x86_64_3.112.0.v20190904-0609.jar:na]
	at org.eclipse.swt.widgets.Widget.sendEvent(Widget.java:1431) ~[org.eclipse.swt.gtk.linux.x86_64_3.112.0.v20190904-0609.jar:na]
	at org.eclipse.swt.widgets.Widget.sendEvent(Widget.java:1414) ~[org.eclipse.swt.gtk.linux.x86_64_3.112.0.v20190904-0609.jar:na]
	at org.eclipse.swt.widgets.Widget.notifyListeners(Widget.java:1203) ~[org.eclipse.swt.gtk.linux.x86_64_3.112.0.v20190904-0609.jar:na]
	at org.eclipse.swt.dnd.DropTarget.drag_data_received(DropTarget.java:369) ~[org.eclipse.swt.gtk.linux.x86_64_3.112.0.v20190904-0609.jar:na]
	at org.eclipse.swt.dnd.DropTarget.Drag_Data_Received(DropTarget.java:246) ~[org.eclipse.swt.gtk.linux.x86_64_3.112.0.v20190904-0609.jar:na]
	at org.eclipse.swt.internal.gtk.GTK._gtk_drag_get_data(Native Method) ~[org.eclipse.swt.gtk.linux.x86_64_3.112.0.v20190904-0609.jar:na]
	at org.eclipse.swt.internal.gtk.GTK.gtk_drag_get_data(GTK.java:1802) ~[org.eclipse.swt.gtk.linux.x86_64_3.112.0.v20190904-0609.jar:na]
	at org.eclipse.swt.dnd.DropTarget.drag_drop(DropTarget.java:414) ~[org.eclipse.swt.gtk.linux.x86_64_3.112.0.v20190904-0609.jar:na]
	at org.eclipse.swt.dnd.DropTarget.Drag_Drop(DropTarget.java:253) ~[org.eclipse.swt.gtk.linux.x86_64_3.112.0.v20190904-0609.jar:na]
	at org.eclipse.swt.internal.gtk.GTK._gtk_main_do_event(Native Method) ~[org.eclipse.swt.gtk.linux.x86_64_3.112.0.v20190904-0609.jar:na]
	at org.eclipse.swt.internal.gtk.GTK.gtk_main_do_event(GTK.java:4154) ~[org.eclipse.swt.gtk.linux.x86_64_3.112.0.v20190904-0609.jar:na]
	at org.eclipse.swt.widgets.Display.eventProc(Display.java:1474) ~[org.eclipse.swt.gtk.linux.x86_64_3.112.0.v20190904-0609.jar:na]
	at org.eclipse.swt.internal.gtk.OS._g_main_context_iteration(Native Method) ~[org.eclipse.swt.gtk.linux.x86_64_3.112.0.v20190904-0609.jar:na]
	at org.eclipse.swt.internal.gtk.OS.g_main_context_iteration(OS.java:1603) ~[org.eclipse.swt.gtk.linux.x86_64_3.112.0.v20190904-0609.jar:na]
	at org.eclipse.swt.widgets.Display.readAndDispatch(Display.java:4404) ~[org.eclipse.swt.gtk.linux.x86_64_3.112.0.v20190904-0609.jar:na]
	at org.eclipse.e4.ui.internal.workbench.swt.PartRenderingEngine$5.run(PartRenderingEngine.java:1160) ~[na:na]
	at org.eclipse.core.databinding.observable.Realm.runWithDefault(Realm.java:338) ~[na:na]
	at org.eclipse.e4.ui.internal.workbench.swt.PartRenderingEngine.run(PartRenderingEngine.java:1049) ~[na:na]
	at org.eclipse.e4.ui.internal.workbench.E4Workbench.createAndRunUI(E4Workbench.java:155) ~[na:na]
	at org.eclipse.ui.internal.Workbench.lambda$3(Workbench.java:633) ~[na:na]
	at org.eclipse.core.databinding.observable.Realm.runWithDefault(Realm.java:338) ~[na:na]
	at org.eclipse.ui.internal.Workbench.createAndRunWorkbench(Workbench.java:557) ~[na:na]
	at org.eclipse.ui.PlatformUI.createAndRunWorkbench(PlatformUI.java:150) ~[na:na]
	at org.eclipse.ui.internal.ide.application.IDEApplication.start(IDEApplication.java:150) ~[na:na]
	at org.eclipse.equinox.internal.app.EclipseAppHandle.run(EclipseAppHandle.java:203) ~[org.eclipse.equinox.app_1.4.300.v20190815-1535.jar:na]
	at org.eclipse.core.runtime.internal.adaptor.EclipseAppLauncher.runApplication(EclipseAppLauncher.java:137) ~[org.eclipse.osgi_3.15.0.v20190830-1434.jar:na]
	at org.eclipse.core.runtime.internal.adaptor.EclipseAppLauncher.start(EclipseAppLauncher.java:107) ~[org.eclipse.osgi_3.15.0.v20190830-1434.jar:na]
	at org.eclipse.core.runtime.adaptor.EclipseStarter.run(EclipseStarter.java:400) ~[org.eclipse.osgi_3.15.0.v20190830-1434.jar:na]
	at org.eclipse.core.runtime.adaptor.EclipseStarter.run(EclipseStarter.java:255) ~[org.eclipse.osgi_3.15.0.v20190830-1434.jar:na]
	at java.base/jdk.internal.reflect.NativeMethodAccessorImpl.invoke0(Native Method) ~[na:na]
	at java.base/jdk.internal.reflect.NativeMethodAccessorImpl.invoke(NativeMethodAccessorImpl.java:62) ~[na:na]
	at java.base/jdk.internal.reflect.DelegatingMethodAccessorImpl.invoke(DelegatingMethodAccessorImpl.java:43) ~[na:na]
	at java.base/java.lang.reflect.Method.invoke(Method.java:566) ~[na:na]
	at org.eclipse.equinox.launcher.Main.invokeFramework(Main.java:660) ~[org.eclipse.equinox.launcher_1.5.500.v20190715-1310.jar:na]
	at org.eclipse.equinox.launcher.Main.basicRun(Main.java:597) ~[org.eclipse.equinox.launcher_1.5.500.v20190715-1310.jar:na]
	at org.eclipse.equinox.launcher.Main.run(Main.java:1468) ~[org.eclipse.equinox.launcher_1.5.500.v20190715-1310.jar:na]
	at org.eclipse.equinox.launcher.Main.main(Main.java:1441) ~[org.eclipse.equinox.launcher_1.5.500.v20190715-1310.jar:na]
2020-02-06 09:14:27,432 [main] ERROR o.e.j.i.storage.file.LockFile - Creating lock file /home/escuelita/Escritorio/java/.git/index.lock failed
java.nio.file.AccessDeniedException: /home/escuelita/Escritorio/java/.git/index.lock
	at java.base/sun.nio.fs.UnixException.translateToIOException(UnixException.java:90) ~[na:na]
	at java.base/sun.nio.fs.UnixException.rethrowAsIOException(UnixException.java:111) ~[na:na]
	at java.base/sun.nio.fs.UnixException.rethrowAsIOException(UnixException.java:116) ~[na:na]
	at java.base/sun.nio.fs.UnixFileSystemProvider.newByteChannel(UnixFileSystemProvider.java:215) ~[na:na]
	at java.base/java.nio.file.Files.newByteChannel(Files.java:370) ~[na:na]
	at java.base/java.nio.file.Files.createFile(Files.java:647) ~[na:na]
	at org.eclipse.jgit.util.FS_POSIX.createNewFileAtomic(FS_POSIX.java:446) ~[na:na]
	at org.eclipse.jgit.internal.storage.file.LockFile.lock(LockFile.java:165) ~[na:na]
	at org.eclipse.jgit.dircache.DirCache.lock(DirCache.java:603) ~[na:na]
	at org.eclipse.jgit.dircache.DirCache.lock(DirCache.java:250) ~[na:na]
	at org.eclipse.jgit.dircache.DirCache.lock(DirCache.java:322) ~[na:na]
	at org.eclipse.jgit.dircache.DirCache.lock(DirCache.java:288) ~[na:na]
	at org.eclipse.jgit.lib.Repository.lockDirCache(Repository.java:1292) ~[na:na]
	at org.eclipse.egit.core.GitMoveDeleteHook.moveFile(GitMoveDeleteHook.java:186) ~[na:na]
	at org.eclipse.team.internal.core.MoveDeleteManager.moveFile(MoveDeleteManager.java:82) ~[na:na]
	at org.eclipse.core.internal.resources.Resource.unprotectedMove(Resource.java:1801) ~[na:na]
	at org.eclipse.core.internal.resources.Resource.move(Resource.java:1494) ~[na:na]
	at org.eclipse.jdt.internal.core.CopyResourceElementsOperation.processCompilationUnitResource(CopyResourceElementsOperation.java:346) ~[na:na]
	at org.eclipse.jdt.internal.core.CopyResourceElementsOperation.processElement(CopyResourceElementsOperation.java:417) ~[na:na]
	at org.eclipse.jdt.internal.core.MultiOperation.processElements(MultiOperation.java:168) ~[na:na]
	at org.eclipse.jdt.internal.core.CopyResourceElementsOperation.processElements(CopyResourceElementsOperation.java:436) ~[na:na]
	at org.eclipse.jdt.internal.core.MultiOperation.executeOperation(MultiOperation.java:95) ~[na:na]
	at org.eclipse.jdt.internal.core.JavaModelOperation.run(JavaModelOperation.java:736) ~[na:na]
	at org.eclipse.core.internal.resources.Workspace.run(Workspace.java:2295) ~[na:na]
	at org.eclipse.core.internal.resources.Workspace.run(Workspace.java:2322) ~[na:na]
	at org.eclipse.jdt.internal.core.JavaModelOperation.runOperation(JavaModelOperation.java:807) ~[na:na]
	at org.eclipse.jdt.internal.core.JavaModel.runOperation(JavaModel.java:301) ~[na:na]
	at org.eclipse.jdt.internal.core.JavaModel.move(JavaModel.java:260) ~[na:na]
	at org.eclipse.jdt.internal.core.CompilationUnit.move(CompilationUnit.java:1165) ~[na:na]
	at org.eclipse.jdt.internal.corext.refactoring.changes.MoveCompilationUnitChange.doPerformReorg(MoveCompilationUnitChange.java:90) ~[na:na]
	at org.eclipse.jdt.internal.corext.refactoring.changes.CompilationUnitReorgChange.perform(CompilationUnitReorgChange.java:68) ~[na:na]
	at org.eclipse.ltk.core.refactoring.CompositeChange.perform(CompositeChange.java:283) ~[na:na]
	at org.eclipse.jdt.ui.text.java.correction.ChangeCorrectionProposal.performChange(ChangeCorrectionProposal.java:185) ~[na:na]
	at org.eclipse.jdt.ui.text.java.correction.ChangeCorrectionProposal.apply(ChangeCorrectionProposal.java:112) ~[na:na]
	at org.eclipse.jdt.internal.ui.text.java.hover.AbstractAnnotationHover$AnnotationInformationControl.apply(AbstractAnnotationHover.java:569) ~[na:na]
	at org.eclipse.jdt.internal.ui.text.java.hover.AbstractAnnotationHover$AnnotationInformationControl.access$2(AbstractAnnotationHover.java:546) ~[na:na]
	at org.eclipse.jdt.internal.ui.text.java.hover.AbstractAnnotationHover$AnnotationInformationControl$5.widgetSelected(AbstractAnnotationHover.java:540) ~[na:na]
	at org.eclipse.swt.widgets.TypedListener.handleEvent(TypedListener.java:252) ~[org.eclipse.swt.gtk.linux.x86_64_3.112.0.v20190904-0609.jar:na]
	at org.eclipse.swt.widgets.EventTable.sendEvent(EventTable.java:89) ~[org.eclipse.swt.gtk.linux.x86_64_3.112.0.v20190904-0609.jar:na]
	at org.eclipse.swt.widgets.Display.sendEvent(Display.java:5618) ~[org.eclipse.swt.gtk.linux.x86_64_3.112.0.v20190904-0609.jar:na]
	at org.eclipse.swt.widgets.Widget.sendEvent(Widget.java:1405) ~[org.eclipse.swt.gtk.linux.x86_64_3.112.0.v20190904-0609.jar:na]
	at org.eclipse.swt.widgets.Widget.sendEvent(Widget.java:1431) ~[org.eclipse.swt.gtk.linux.x86_64_3.112.0.v20190904-0609.jar:na]
	at org.eclipse.swt.widgets.Widget.sendSelectionEvent(Widget.java:1565) ~[org.eclipse.swt.gtk.linux.x86_64_3.112.0.v20190904-0609.jar:na]
	at org.eclipse.swt.widgets.Link.gtk_button_release_event(Link.java:394) ~[org.eclipse.swt.gtk.linux.x86_64_3.112.0.v20190904-0609.jar:na]
	at org.eclipse.swt.widgets.Widget.windowProc(Widget.java:2227) ~[org.eclipse.swt.gtk.linux.x86_64_3.112.0.v20190904-0609.jar:na]
	at org.eclipse.swt.widgets.Control.windowProc(Control.java:6846) ~[org.eclipse.swt.gtk.linux.x86_64_3.112.0.v20190904-0609.jar:na]
	at org.eclipse.swt.widgets.Display.windowProc(Display.java:5842) ~[org.eclipse.swt.gtk.linux.x86_64_3.112.0.v20190904-0609.jar:na]
	at org.eclipse.swt.internal.gtk.GTK._gtk_main_do_event(Native Method) ~[org.eclipse.swt.gtk.linux.x86_64_3.112.0.v20190904-0609.jar:na]
	at org.eclipse.swt.internal.gtk.GTK.gtk_main_do_event(GTK.java:4154) ~[org.eclipse.swt.gtk.linux.x86_64_3.112.0.v20190904-0609.jar:na]
	at org.eclipse.swt.widgets.Display.eventProc(Display.java:1474) ~[org.eclipse.swt.gtk.linux.x86_64_3.112.0.v20190904-0609.jar:na]
	at org.eclipse.swt.internal.gtk.OS._g_main_context_iteration(Native Method) ~[org.eclipse.swt.gtk.linux.x86_64_3.112.0.v20190904-0609.jar:na]
	at org.eclipse.swt.internal.gtk.OS.g_main_context_iteration(OS.java:1603) ~[org.eclipse.swt.gtk.linux.x86_64_3.112.0.v20190904-0609.jar:na]
	at org.eclipse.swt.widgets.Display.readAndDispatch(Display.java:4404) ~[org.eclipse.swt.gtk.linux.x86_64_3.112.0.v20190904-0609.jar:na]
	at org.eclipse.e4.ui.internal.workbench.swt.PartRenderingEngine$5.run(PartRenderingEngine.java:1160) ~[na:na]
	at org.eclipse.core.databinding.observable.Realm.runWithDefault(Realm.java:338) ~[na:na]
	at org.eclipse.e4.ui.internal.workbench.swt.PartRenderingEngine.run(PartRenderingEngine.java:1049) ~[na:na]
	at org.eclipse.e4.ui.internal.workbench.E4Workbench.createAndRunUI(E4Workbench.java:155) ~[na:na]
	at org.eclipse.ui.internal.Workbench.lambda$3(Workbench.java:633) ~[na:na]
	at org.eclipse.core.databinding.observable.Realm.runWithDefault(Realm.java:338) ~[na:na]
	at org.eclipse.ui.internal.Workbench.createAndRunWorkbench(Workbench.java:557) ~[na:na]
	at org.eclipse.ui.PlatformUI.createAndRunWorkbench(PlatformUI.java:150) ~[na:na]
	at org.eclipse.ui.internal.ide.application.IDEApplication.start(IDEApplication.java:150) ~[na:na]
	at org.eclipse.equinox.internal.app.EclipseAppHandle.run(EclipseAppHandle.java:203) ~[org.eclipse.equinox.app_1.4.300.v20190815-1535.jar:na]
	at org.eclipse.core.runtime.internal.adaptor.EclipseAppLauncher.runApplication(EclipseAppLauncher.java:137) ~[org.eclipse.osgi_3.15.0.v20190830-1434.jar:na]
	at org.eclipse.core.runtime.internal.adaptor.EclipseAppLauncher.start(EclipseAppLauncher.java:107) ~[org.eclipse.osgi_3.15.0.v20190830-1434.jar:na]
	at org.eclipse.core.runtime.adaptor.EclipseStarter.run(EclipseStarter.java:400) ~[org.eclipse.osgi_3.15.0.v20190830-1434.jar:na]
	at org.eclipse.core.runtime.adaptor.EclipseStarter.run(EclipseStarter.java:255) ~[org.eclipse.osgi_3.15.0.v20190830-1434.jar:na]
	at java.base/jdk.internal.reflect.NativeMethodAccessorImpl.invoke0(Native Method) ~[na:na]
	at java.base/jdk.internal.reflect.NativeMethodAccessorImpl.invoke(NativeMethodAccessorImpl.java:62) ~[na:na]
	at java.base/jdk.internal.reflect.DelegatingMethodAccessorImpl.invoke(DelegatingMethodAccessorImpl.java:43) ~[na:na]
	at java.base/java.lang.reflect.Method.invoke(Method.java:566) ~[na:na]
	at org.eclipse.equinox.launcher.Main.invokeFramework(Main.java:660) ~[org.eclipse.equinox.launcher_1.5.500.v20190715-1310.jar:na]
	at org.eclipse.equinox.launcher.Main.basicRun(Main.java:597) ~[org.eclipse.equinox.launcher_1.5.500.v20190715-1310.jar:na]
	at org.eclipse.equinox.launcher.Main.run(Main.java:1468) ~[org.eclipse.equinox.launcher_1.5.500.v20190715-1310.jar:na]
	at org.eclipse.equinox.launcher.Main.main(Main.java:1441) ~[org.eclipse.equinox.launcher_1.5.500.v20190715-1310.jar:na]
